Started GET "/" for 127.0.0.1 at 2023-05-10 14:00:51 +0200
  [1m[36mActiveRecord::SchemaMigration Pluck (0.8ms)[0m  [1m[34mSELECT "schema_migrations"."version" FROM "schema_migrations" ORDER BY "schema_migrations"."version" ASC[0m
Processing by GossipsController#home as HTML
  Rendering layout layouts/application.html.erb
  Rendering gossips/home.html.erb within layouts/application
  [1m[36mGossip Load (0.8ms)[0m  [1m[34mSELECT "gossips".* FROM "gossips"[0m
  ↳ app/views/gossips/home.html.erb:12
  Rendered gossips/home.html.erb within layouts/application (Duration: 25.0ms | Allocations: 17883)
  Rendered layout layouts/application.html.erb (Duration: 89.2ms | Allocations: 39703)
Completed 200 OK in 121ms (Views: 88.5ms | ActiveRecord: 5.8ms | Allocations: 53077)


Started GET "/potin/1" for 127.0.0.1 at 2023-05-10 14:00:52 +0200
Processing by GossipsController#potin as HTML
  Parameters: {"id"=>"1"}
  [1m[36mGossip Load (0.4ms)[0m  [1m[34mSELECT "gossips".* FROM "gossips" WHERE "gossips"."id" = $1 LIMIT $2[0m  [["id", 1], ["LIMIT", 1]]
  ↳ app/controllers/gossips_controller.rb:33:in `potin'
  Rendering layout layouts/application.html.erb
  Rendering gossips/potin.html.erb within layouts/application
  [1m[36mGossip Load (0.3ms)[0m  [1m[34mSELECT "gossips".* FROM "gossips"[0m
  ↳ app/views/gossips/potin.html.erb:2
  [1m[36mUser Load (0.6ms)[0m  [1m[34mSELECT "users".* FROM "users" WHERE "users"."id" = $1 LIMIT $2[0m  [["id", 9], ["LIMIT", 1]]
  ↳ app/views/gossips/potin.html.erb:6
  [1m[36mCity Load (0.4ms)[0m  [1m[34mSELECT "cities".* FROM "cities" WHERE "cities"."id" = $1 LIMIT $2[0m  [["id", 2], ["LIMIT", 1]]
  ↳ app/views/gossips/potin.html.erb:7
  Rendered gossips/potin.html.erb within layouts/application (Duration: 83.9ms | Allocations: 48667)
  Rendered layout layouts/application.html.erb (Duration: 87.6ms | Allocations: 51319)
Completed 200 OK in 114ms (Views: 80.6ms | ActiveRecord: 8.2ms | Allocations: 54093)


Started GET "/user/9" for 127.0.0.1 at 2023-05-10 14:00:53 +0200
Processing by GossipsController#user as HTML
  Parameters: {"user"=>"9"}
  [1m[36mUser Load (0.4ms)[0m  [1m[34mSELECT "users".* FROM "users" WHERE "users"."id" = $1 LIMIT $2[0m  [["id", 9], ["LIMIT", 1]]
  ↳ app/controllers/gossips_controller.rb:38:in `user'
  Rendering layout layouts/application.html.erb
  Rendering gossips/user.html.erb within layouts/application
  [1m[36mCity Load (0.3ms)[0m  [1m[34mSELECT "cities".* FROM "cities" WHERE "cities"."id" = $1 LIMIT $2[0m  [["id", 2], ["LIMIT", 1]]
  ↳ app/views/gossips/user.html.erb:10
  Rendered gossips/user.html.erb within layouts/application (Duration: 10.4ms | Allocations: 5822)
  Rendered layout layouts/application.html.erb (Duration: 10.7ms | Allocations: 5894)
Completed 500 Internal Server Error in 15ms (ActiveRecord: 0.7ms | Allocations: 7288)


  
ActionView::Template::Error (undefined local variable or method `user' for #<ActionView::Base:0x0000000000ba40>
Did you mean?  @user):
     8:       <p class="card-text"><strong>Email:</strong> <%= @user.email %></p>
     9:       <p class="card-text"><strong>Age:</strong> <%= @user.age %></p>
    10:       <p class="card-text"><strong>Ville:</strong> <%= @user.city.name %></p>
    11:       <a href="<%= cities_path(user.city) %>" class="btn-auteur btn btn-primary m-3 rounded-pill">Profil du gossiper <%= gossip.user.first_name %></a>
    12:     </div>
    13:   </div>
    14: </div>
  
app/views/gossips/user.html.erb:11
Started GET "/user/9" for 127.0.0.1 at 2023-05-10 14:01:05 +0200
Processing by GossipsController#user as HTML
  Parameters: {"user"=>"9"}
  [1m[36mUser Load (0.3ms)[0m  [1m[34mSELECT "users".* FROM "users" WHERE "users"."id" = $1 LIMIT $2[0m  [["id", 9], ["LIMIT", 1]]
  ↳ app/controllers/gossips_controller.rb:38:in `user'
  Rendering layout layouts/application.html.erb
  Rendering gossips/user.html.erb within layouts/application
  [1m[36mCity Load (0.3ms)[0m  [1m[34mSELECT "cities".* FROM "cities" WHERE "cities"."id" = $1 LIMIT $2[0m  [["id", 2], ["LIMIT", 1]]
  ↳ app/views/gossips/user.html.erb:10
  Rendered gossips/user.html.erb within layouts/application (Duration: 8.7ms | Allocations: 5170)
  Rendered layout layouts/application.html.erb (Duration: 9.2ms | Allocations: 5243)
Completed 500 Internal Server Error in 14ms (ActiveRecord: 0.6ms | Allocations: 6693)


  
ActionView::Template::Error (undefined local variable or method `gossip' for #<ActionView::Base:0x0000000000bd60>
Did you mean?  gossips_url):
     8:       <p class="card-text"><strong>Email:</strong> <%= @user.email %></p>
     9:       <p class="card-text"><strong>Age:</strong> <%= @user.age %></p>
    10:       <p class="card-text"><strong>Ville:</strong> <%= @user.city.name %></p>
    11:       <a href="<%= cities_path(@user.city) %>" class="btn-auteur btn btn-primary m-3 rounded-pill">Profil du gossiper <%= gossip.user.first_name %></a>
    12:     </div>
    13:   </div>
    14: </div>
  
app/views/gossips/user.html.erb:11
Started GET "/user/9" for 127.0.0.1 at 2023-05-10 14:01:21 +0200
Processing by GossipsController#user as HTML
  Parameters: {"user"=>"9"}
  [1m[36mUser Load (0.4ms)[0m  [1m[34mSELECT "users".* FROM "users" WHERE "users"."id" = $1 LIMIT $2[0m  [["id", 9], ["LIMIT", 1]]
  ↳ app/controllers/gossips_controller.rb:38:in `user'
  Rendering layout layouts/application.html.erb
  Rendering gossips/user.html.erb within layouts/application
  [1m[36mCity Load (0.6ms)[0m  [1m[34mSELECT "cities".* FROM "cities" WHERE "cities"."id" = $1 LIMIT $2[0m  [["id", 2], ["LIMIT", 1]]
  ↳ app/views/gossips/user.html.erb:10
  Rendered gossips/user.html.erb within layouts/application (Duration: 3.0ms | Allocations: 942)
  Rendered layout layouts/application.html.erb (Duration: 9.5ms | Allocations: 4098)
Completed 200 OK in 14ms (Views: 11.3ms | ActiveRecord: 1.0ms | Allocations: 5582)


Started GET "/cities.2" for 127.0.0.1 at 2023-05-10 14:01:26 +0200
Processing by CitiesController#index as */*
  Rendering layout layouts/application.html.erb
  Rendering cities/index.html.erb within layouts/application
  Rendered cities/index.html.erb within layouts/application (Duration: 1.1ms | Allocations: 117)
  Rendered layout layouts/application.html.erb (Duration: 7.5ms | Allocations: 2867)
Completed 200 OK in 10ms (Views: 9.2ms | ActiveRecord: 0.0ms | Allocations: 3793)


Started GET "/cities.2" for 127.0.0.1 at 2023-05-10 14:02:07 +0200
  [1m[36mActiveRecord::SchemaMigration Pluck (0.6ms)[0m  [1m[34mSELECT "schema_migrations"."version" FROM "schema_migrations" ORDER BY "schema_migrations"."version" ASC[0m
Processing by CitiesController#index as */*
  Rendering layout layouts/application.html.erb
  Rendering cities/index.html.erb within layouts/application
  Rendered cities/index.html.erb within layouts/application (Duration: 1.4ms | Allocations: 376)
  Rendered layout layouts/application.html.erb (Duration: 42.4ms | Allocations: 23029)
Completed 200 OK in 60ms (Views: 46.6ms | ActiveRecord: 0.0ms | Allocations: 28512)


Started GET "/" for 127.0.0.1 at 2023-05-10 14:03:04 +0200
  [1m[36mActiveRecord::SchemaMigration Pluck (0.5ms)[0m  [1m[34mSELECT "schema_migrations"."version" FROM "schema_migrations" ORDER BY "schema_migrations"."version" ASC[0m
Processing by GossipsController#home as HTML
  Rendering layout layouts/application.html.erb
  Rendering gossips/home.html.erb within layouts/application
  [1m[36mGossip Load (0.7ms)[0m  [1m[34mSELECT "gossips".* FROM "gossips"[0m
  ↳ app/views/gossips/home.html.erb:12
  Rendered gossips/home.html.erb within layouts/application (Duration: 42.2ms | Allocations: 17875)
  Rendered layout layouts/application.html.erb (Duration: 119.8ms | Allocations: 39863)
Completed 200 OK in 159ms (Views: 119.1ms | ActiveRecord: 7.6ms | Allocations: 53237)


Started GET "/potin/1" for 127.0.0.1 at 2023-05-10 14:03:06 +0200
Processing by GossipsController#potin as HTML
  Parameters: {"id"=>"1"}
  [1m[36mGossip Load (0.2ms)[0m  [1m[34mSELECT "gossips".* FROM "gossips" WHERE "gossips"."id" = $1 LIMIT $2[0m  [["id", 1], ["LIMIT", 1]]
  ↳ app/controllers/gossips_controller.rb:33:in `potin'
  Rendering layout layouts/application.html.erb
  Rendering gossips/potin.html.erb within layouts/application
  [1m[36mGossip Load (0.4ms)[0m  [1m[34mSELECT "gossips".* FROM "gossips"[0m
  ↳ app/views/gossips/potin.html.erb:2
  [1m[36mUser Load (0.7ms)[0m  [1m[34mSELECT "users".* FROM "users" WHERE "users"."id" = $1 LIMIT $2[0m  [["id", 9], ["LIMIT", 1]]
  ↳ app/views/gossips/potin.html.erb:6
  [1m[36mCity Load (0.5ms)[0m  [1m[34mSELECT "cities".* FROM "cities" WHERE "cities"."id" = $1 LIMIT $2[0m  [["id", 2], ["LIMIT", 1]]
  ↳ app/views/gossips/potin.html.erb:7
  Rendered gossips/potin.html.erb within layouts/application (Duration: 97.8ms | Allocations: 48667)
  Rendered layout layouts/application.html.erb (Duration: 102.4ms | Allocations: 51325)
Completed 200 OK in 150ms (Views: 96.2ms | ActiveRecord: 8.1ms | Allocations: 54099)


Started GET "/user/9" for 127.0.0.1 at 2023-05-10 14:03:07 +0200
Processing by GossipsController#user as HTML
  Parameters: {"user"=>"9"}
  [1m[36mUser Load (0.4ms)[0m  [1m[34mSELECT "users".* FROM "users" WHERE "users"."id" = $1 LIMIT $2[0m  [["id", 9], ["LIMIT", 1]]
  ↳ app/controllers/gossips_controller.rb:38:in `user'
  Rendering layout layouts/application.html.erb
  Rendering gossips/user.html.erb within layouts/application
  [1m[36mCity Load (0.2ms)[0m  [1m[34mSELECT "cities".* FROM "cities" WHERE "cities"."id" = $1 LIMIT $2[0m  [["id", 2], ["LIMIT", 1]]
  ↳ app/views/gossips/user.html.erb:10
  Rendered gossips/user.html.erb within layouts/application (Duration: 2.5ms | Allocations: 937)
  Rendered layout layouts/application.html.erb (Duration: 6.5ms | Allocations: 3584)
Completed 200 OK in 11ms (Views: 6.9ms | ActiveRecord: 0.6ms | Allocations: 4995)


Started GET "/cities/2" for 127.0.0.1 at 2023-05-10 14:03:07 +0200
Processing by CitiesController#show as HTML
  Parameters: {"id"=>"2"}
  Rendering layout layouts/application.html.erb
  Rendering cities/show.html.erb within layouts/application
  Rendered cities/show.html.erb within layouts/application (Duration: 4.1ms | Allocations: 2264)
  Rendered layout layouts/application.html.erb (Duration: 4.3ms | Allocations: 2337)
Completed 500 Internal Server Error in 8ms (ActiveRecord: 0.0ms | Allocations: 3168)


  
ActionView::Template::Error (undefined method `name' for nil:NilClass):
    1: <h5 class=""><%= @city.name %></h5>
  
app/views/cities/show.html.erb:1
Started GET "/cities/2" for 127.0.0.1 at 2023-05-10 14:04:12 +0200
Processing by CitiesController#show as HTML
  Parameters: {"id"=>"2"}
Completed 404 Not Found in 9ms (ActiveRecord: 1.7ms | Allocations: 4674)


  
ActiveRecord::RecordNotFound (Couldn't find City without an ID):
  
app/controllers/cities_controller.rb:3:in `show'
Started GET "/cities/2" for 127.0.0.1 at 2023-05-10 14:06:42 +0200
  [1m[36mActiveRecord::SchemaMigration Pluck (1.3ms)[0m  [1m[34mSELECT "schema_migrations"."version" FROM "schema_migrations" ORDER BY "schema_migrations"."version" ASC[0m
Processing by CitiesController#show as HTML
  Parameters: {"id"=>"2"}
  [1m[36mCity Load (0.4ms)[0m  [1m[34mSELECT "cities".* FROM "cities" WHERE "cities"."id" = $1 LIMIT $2[0m  [["id", 2], ["LIMIT", 1]]
  ↳ app/controllers/cities_controller.rb:3:in `show'
  Rendering layout layouts/application.html.erb
  Rendering cities/show.html.erb within layouts/application
  Rendered cities/show.html.erb within layouts/application (Duration: 2.3ms | Allocations: 405)
  Rendered layout layouts/application.html.erb (Duration: 41.5ms | Allocations: 22770)
Completed 200 OK in 87ms (Views: 47.3ms | ActiveRecord: 5.0ms | Allocations: 50992)


Started GET "/" for 127.0.0.1 at 2023-05-10 14:08:21 +0200
Processing by GossipsController#home as HTML
  Rendering layout layouts/application.html.erb
  Rendering gossips/home.html.erb within layouts/application
  [1m[36mGossip Load (1.0ms)[0m  [1m[34mSELECT "gossips".* FROM "gossips"[0m
  ↳ app/views/gossips/home.html.erb:12
  Rendered gossips/home.html.erb within layouts/application (Duration: 29.9ms | Allocations: 16066)
  Rendered layout layouts/application.html.erb (Duration: 35.4ms | Allocations: 18589)
Completed 200 OK in 78ms (Views: 32.7ms | ActiveRecord: 4.7ms | Allocations: 26223)


Started GET "/potin/1" for 127.0.0.1 at 2023-05-10 14:08:22 +0200
Processing by GossipsController#potin as HTML
  Parameters: {"id"=>"1"}
  [1m[36mGossip Load (0.4ms)[0m  [1m[34mSELECT "gossips".* FROM "gossips" WHERE "gossips"."id" = $1 LIMIT $2[0m  [["id", 1], ["LIMIT", 1]]
  ↳ app/controllers/gossips_controller.rb:33:in `potin'
  Rendering layout layouts/application.html.erb
  Rendering gossips/potin.html.erb within layouts/application
  [1m[36mGossip Load (0.4ms)[0m  [1m[34mSELECT "gossips".* FROM "gossips"[0m
  ↳ app/views/gossips/potin.html.erb:2
  [1m[36mUser Load (0.6ms)[0m  [1m[34mSELECT "users".* FROM "users" WHERE "users"."id" = $1 LIMIT $2[0m  [["id", 9], ["LIMIT", 1]]
  ↳ app/views/gossips/potin.html.erb:6
  [1m[36mCity Load (0.3ms)[0m  [1m[34mSELECT "cities".* FROM "cities" WHERE "cities"."id" = $1 LIMIT $2[0m  [["id", 2], ["LIMIT", 1]]
  ↳ app/views/gossips/potin.html.erb:7
  Rendered gossips/potin.html.erb within layouts/application (Duration: 56.6ms | Allocations: 30824)
  Rendered layout layouts/application.html.erb (Duration: 63.6ms | Allocations: 33461)
Completed 200 OK in 68ms (Views: 59.7ms | ActiveRecord: 5.1ms | Allocations: 34879)


Started GET "/user/9" for 127.0.0.1 at 2023-05-10 14:08:23 +0200
Processing by GossipsController#user as HTML
  Parameters: {"user"=>"9"}
  [1m[36mUser Load (0.2ms)[0m  [1m[34mSELECT "users".* FROM "users" WHERE "users"."id" = $1 LIMIT $2[0m  [["id", 9], ["LIMIT", 1]]
  ↳ app/controllers/gossips_controller.rb:38:in `user'
  Rendering layout layouts/application.html.erb
  Rendering gossips/user.html.erb within layouts/application
  [1m[36mCity Load (0.3ms)[0m  [1m[34mSELECT "cities".* FROM "cities" WHERE "cities"."id" = $1 LIMIT $2[0m  [["id", 2], ["LIMIT", 1]]
  ↳ app/views/gossips/user.html.erb:10
  Rendered gossips/user.html.erb within layouts/application (Duration: 3.3ms | Allocations: 933)
  Rendered layout layouts/application.html.erb (Duration: 7.1ms | Allocations: 3595)
Completed 200 OK in 10ms (Views: 7.3ms | ActiveRecord: 0.6ms | Allocations: 5004)


Started GET "/cities/2" for 127.0.0.1 at 2023-05-10 14:09:48 +0200
Processing by CitiesController#show as HTML
  Parameters: {"id"=>"2"}
  [1m[36mCity Load (0.2ms)[0m  [1m[34mSELECT "cities".* FROM "cities" WHERE "cities"."id" = $1 LIMIT $2[0m  [["id", 2], ["LIMIT", 1]]
  ↳ app/controllers/cities_controller.rb:3:in `show'
  Rendering layout layouts/application.html.erb
  Rendering cities/show.html.erb within layouts/application
  Rendered cities/show.html.erb within layouts/application (Duration: 0.7ms | Allocations: 131)
  Rendered layout layouts/application.html.erb (Duration: 5.8ms | Allocations: 3296)
Completed 200 OK in 23ms (Views: 7.5ms | ActiveRecord: 4.5ms | Allocations: 10939)


Started GET "/cities/2" for 127.0.0.1 at 2023-05-10 14:10:19 +0200
Processing by CitiesController#show as HTML
  Parameters: {"id"=>"2"}
  [1m[36mCity Load (0.4ms)[0m  [1m[34mSELECT "cities".* FROM "cities" WHERE "cities"."id" = $1 LIMIT $2[0m  [["id", 2], ["LIMIT", 1]]
  ↳ app/controllers/cities_controller.rb:3:in `show'
  Rendering layout layouts/application.html.erb
  Rendering cities/show.html.erb within layouts/application
  Rendered cities/show.html.erb within layouts/application (Duration: 0.7ms | Allocations: 237)
  Rendered layout layouts/application.html.erb (Duration: 7.5ms | Allocations: 3382)
Completed 200 OK in 12ms (Views: 9.4ms | ActiveRecord: 0.4ms | Allocations: 4839)


Started GET "/cities/2" for 127.0.0.1 at 2023-05-10 14:10:21 +0200
Processing by CitiesController#show as HTML
  Parameters: {"id"=>"2"}
  [1m[36mCity Load (0.2ms)[0m  [1m[34mSELECT "cities".* FROM "cities" WHERE "cities"."id" = $1 LIMIT $2[0m  [["id", 2], ["LIMIT", 1]]
  ↳ app/controllers/cities_controller.rb:3:in `show'
  Rendering layout layouts/application.html.erb
  Rendering cities/show.html.erb within layouts/application
  Rendered cities/show.html.erb within layouts/application (Duration: 0.3ms | Allocations: 50)
  Rendered layout layouts/application.html.erb (Duration: 4.9ms | Allocations: 2697)
Completed 200 OK in 11ms (Views: 5.5ms | ActiveRecord: 0.2ms | Allocations: 3451)


Started GET "/cities/2" for 127.0.0.1 at 2023-05-10 14:10:22 +0200
Processing by CitiesController#show as HTML
  Parameters: {"id"=>"2"}
  [1m[36mCity Load (0.2ms)[0m  [1m[34mSELECT "cities".* FROM "cities" WHERE "cities"."id" = $1 LIMIT $2[0m  [["id", 2], ["LIMIT", 1]]
  ↳ app/controllers/cities_controller.rb:3:in `show'
  Rendering layout layouts/application.html.erb
  Rendering cities/show.html.erb within layouts/application
  Rendered cities/show.html.erb within layouts/application (Duration: 0.2ms | Allocations: 50)
  Rendered layout layouts/application.html.erb (Duration: 4.1ms | Allocations: 2681)
Completed 200 OK in 7ms (Views: 4.6ms | ActiveRecord: 0.2ms | Allocations: 3434)


Started GET "/cities/2" for 127.0.0.1 at 2023-05-10 14:10:57 +0200
  [1m[36mActiveRecord::SchemaMigration Pluck (0.6ms)[0m  [1m[34mSELECT "schema_migrations"."version" FROM "schema_migrations" ORDER BY "schema_migrations"."version" ASC[0m
Processing by CitiesController#show as HTML
  Parameters: {"id"=>"2"}
  [1m[36mCity Load (0.3ms)[0m  [1m[34mSELECT "cities".* FROM "cities" WHERE "cities"."id" = $1 LIMIT $2[0m  [["id", 2], ["LIMIT", 1]]
  ↳ app/controllers/cities_controller.rb:3:in `show'
  Rendering layout layouts/application.html.erb
  Rendering cities/show.html.erb within layouts/application
  Rendered cities/show.html.erb within layouts/application (Duration: 1.7ms | Allocations: 496)
  Rendered layout layouts/application.html.erb (Duration: 110.3ms | Allocations: 22995)
Completed 200 OK in 153ms (Views: 116.7ms | ActiveRecord: 4.8ms | Allocations: 51217)


Started GET "/cities" for 127.0.0.1 at 2023-05-10 14:10:59 +0200
Processing by CitiesController#index as HTML
  Rendering layout layouts/application.html.erb
  Rendering cities/index.html.erb within layouts/application
  Rendered cities/index.html.erb within layouts/application (Duration: 5.8ms | Allocations: 2393)
  Rendered layout layouts/application.html.erb (Duration: 6.0ms | Allocations: 2465)
Completed 500 Internal Server Error in 9ms (ActiveRecord: 0.0ms | Allocations: 2822)


  
ActionView::Template::Error (undefined method `each' for nil:NilClass):
    3: 
    4: <div class="container">
    5:   <div class="row justify-content-center mb-5">
    6:     <% @gcities.each do |city| %>
    7:       <div class="card mb-3 mx-4 card-home" style="width: 17rem;">
    8:         <div class="card-body d-flex flex-column justify-content-between">
    9:           <h5 class="card-title" style="color: #ff60aa;"><%= city.name %></h5>
  
app/views/cities/index.html.erb:6
Started GET "/cities" for 127.0.0.1 at 2023-05-10 14:12:01 +0200
Processing by CitiesController#index as HTML
  Rendering layout layouts/application.html.erb
  Rendering cities/index.html.erb within layouts/application
  [1m[36mCity Load (1.3ms)[0m  [1m[34mSELECT "cities".* FROM "cities"[0m
  ↳ app/views/cities/index.html.erb:6
  Rendered cities/index.html.erb within layouts/application (Duration: 11.8ms | Allocations: 3032)
  Rendered layout layouts/application.html.erb (Duration: 16.8ms | Allocations: 6211)
Completed 200 OK in 28ms (Views: 13.4ms | ActiveRecord: 5.9ms | Allocations: 11353)


Started GET "/potin/1" for 127.0.0.1 at 2023-05-10 14:12:06 +0200
Processing by GossipsController#potin as HTML
  Parameters: {"id"=>"1"}
  [1m[36mGossip Load (0.5ms)[0m  [1m[34mSELECT "gossips".* FROM "gossips" WHERE "gossips"."id" = $1 LIMIT $2[0m  [["id", 1], ["LIMIT", 1]]
  ↳ app/controllers/gossips_controller.rb:33:in `potin'
  Rendering layout layouts/application.html.erb
  Rendering gossips/potin.html.erb within layouts/application
  [1m[36mGossip Load (0.5ms)[0m  [1m[34mSELECT "gossips".* FROM "gossips"[0m
  ↳ app/views/gossips/potin.html.erb:2
  [1m[36mUser Load (0.5ms)[0m  [1m[34mSELECT "users".* FROM "users" WHERE "users"."id" = $1 LIMIT $2[0m  [["id", 9], ["LIMIT", 1]]
  ↳ app/views/gossips/potin.html.erb:6
  [1m[36mCity Load (0.2ms)[0m  [1m[34mSELECT "cities".* FROM "cities" WHERE "cities"."id" = $1 LIMIT $2[0m  [["id", 2], ["LIMIT", 1]]
  ↳ app/views/gossips/potin.html.erb:7
  Rendered gossips/potin.html.erb within layouts/application (Duration: 47.6ms | Allocations: 30882)
  Rendered layout layouts/application.html.erb (Duration: 52.7ms | Allocations: 33601)
Completed 200 OK in 91ms (Views: 51.1ms | ActiveRecord: 8.8ms | Allocations: 56695)


Started GET "/" for 127.0.0.1 at 2023-05-10 14:12:09 +0200
Processing by GossipsController#home as HTML
  Rendering layout layouts/application.html.erb
  Rendering gossips/home.html.erb within layouts/application
  [1m[36mGossip Load (0.3ms)[0m  [1m[34mSELECT "gossips".* FROM "gossips"[0m
  ↳ app/views/gossips/home.html.erb:12
  Rendered gossips/home.html.erb within layouts/application (Duration: 4.8ms | Allocations: 1495)
  Rendered layout layouts/application.html.erb (Duration: 9.7ms | Allocations: 3930)
Completed 200 OK in 11ms (Views: 9.9ms | ActiveRecord: 0.3ms | Allocations: 4291)


Started GET "/potin/2" for 127.0.0.1 at 2023-05-10 14:12:58 +0200
Processing by GossipsController#potin as HTML
  Parameters: {"id"=>"2"}
  [1m[36mGossip Load (0.4ms)[0m  [1m[34mSELECT "gossips".* FROM "gossips" WHERE "gossips"."id" = $1 LIMIT $2[0m  [["id", 2], ["LIMIT", 1]]
  ↳ app/controllers/gossips_controller.rb:33:in `potin'
  Rendering layout layouts/application.html.erb
  Rendering gossips/potin.html.erb within layouts/application
  [1m[36mGossip Load (0.3ms)[0m  [1m[34mSELECT "gossips".* FROM "gossips"[0m
  ↳ app/views/gossips/potin.html.erb:2
  [1m[36mUser Load (0.7ms)[0m  [1m[34mSELECT "users".* FROM "users" WHERE "users"."id" = $1 LIMIT $2[0m  [["id", 7], ["LIMIT", 1]]
  ↳ app/views/gossips/potin.html.erb:6
  [1m[36mCity Load (0.3ms)[0m  [1m[34mSELECT "cities".* FROM "cities" WHERE "cities"."id" = $1 LIMIT $2[0m  [["id", 2], ["LIMIT", 1]]
  ↳ app/views/gossips/potin.html.erb:7
  Rendered gossips/potin.html.erb within layouts/application (Duration: 9.3ms | Allocations: 2413)
  Rendered layout layouts/application.html.erb (Duration: 17.5ms | Allocations: 5547)
Completed 200 OK in 23ms (Views: 18.3ms | ActiveRecord: 1.7ms | Allocations: 7035)


Started GET "/user/7" for 127.0.0.1 at 2023-05-10 14:12:59 +0200
Processing by GossipsController#user as HTML
  Parameters: {"user"=>"7"}
  [1m[36mUser Load (0.4ms)[0m  [1m[34mSELECT "users".* FROM "users" WHERE "users"."id" = $1 LIMIT $2[0m  [["id", 7], ["LIMIT", 1]]
  ↳ app/controllers/gossips_controller.rb:38:in `user'
  Rendering layout layouts/application.html.erb
  Rendering gossips/user.html.erb within layouts/application
  [1m[36mCity Load (0.6ms)[0m  [1m[34mSELECT "cities".* FROM "cities" WHERE "cities"."id" = $1 LIMIT $2[0m  [["id", 2], ["LIMIT", 1]]
  ↳ app/views/gossips/user.html.erb:10
  Rendered gossips/user.html.erb within layouts/application (Duration: 4.0ms | Allocations: 932)
  Rendered layout layouts/application.html.erb (Duration: 8.1ms | Allocations: 3575)
Completed 200 OK in 12ms (Views: 8.2ms | ActiveRecord: 1.0ms | Allocations: 4967)


Started GET "/cities/2" for 127.0.0.1 at 2023-05-10 14:13:00 +0200
Processing by CitiesController#show as HTML
  Parameters: {"id"=>"2"}
  [1m[36mCity Load (0.4ms)[0m  [1m[34mSELECT "cities".* FROM "cities" WHERE "cities"."id" = $1 LIMIT $2[0m  [["id", 2], ["LIMIT", 1]]
  ↳ app/controllers/cities_controller.rb:3:in `show'
  Rendering layout layouts/application.html.erb
  Rendering cities/show.html.erb within layouts/application
  Rendered cities/show.html.erb within layouts/application (Duration: 1.5ms | Allocations: 175)
  Rendered layout layouts/application.html.erb (Duration: 7.5ms | Allocations: 2891)
Completed 200 OK in 13ms (Views: 10.0ms | ActiveRecord: 0.4ms | Allocations: 4718)


Started GET "/cities" for 127.0.0.1 at 2023-05-10 14:13:02 +0200
Processing by CitiesController#index as HTML
  Rendering layout layouts/application.html.erb
  Rendering cities/index.html.erb within layouts/application
  [1m[36mCity Load (0.4ms)[0m  [1m[34mSELECT "cities".* FROM "cities"[0m
  ↳ app/views/cities/index.html.erb:6
  Rendered cities/index.html.erb within layouts/application (Duration: 5.6ms | Allocations: 2535)
  Rendered layout layouts/application.html.erb (Duration: 5.9ms | Allocations: 2606)
Completed 500 Internal Server Error in 7ms (ActiveRecord: 0.4ms | Allocations: 2938)


  
ActionView::Template::Error (undefined method `city' for nil:NilClass):
     9:           <h5 class="card-title" style="color: #ff60aa;"><%= city.name %></h5>
    10:           <p class="card-text"><em><%= city.id %></em></p>
    11:           <div class="mt-auto text-center">
    12:             <a href="<%= city_path(@user.city) %>" class="btn btn-primary">Voir la ville</a>
    13:           </div>
    14:         </div>
    15:       </div>
  
app/views/cities/index.html.erb:12
app/views/cities/index.html.erb:6
Started GET "/cities" for 127.0.0.1 at 2023-05-10 14:13:16 +0200
Processing by CitiesController#index as HTML
  Rendering layout layouts/application.html.erb
  Rendering cities/index.html.erb within layouts/application
  [1m[36mCity Load (0.4ms)[0m  [1m[34mSELECT "cities".* FROM "cities"[0m
  ↳ app/views/cities/index.html.erb:6
  Rendered cities/index.html.erb within layouts/application (Duration: 4.3ms | Allocations: 2580)
  Rendered layout layouts/application.html.erb (Duration: 4.5ms | Allocations: 2652)
Completed 500 Internal Server Error in 8ms (ActiveRecord: 0.4ms | Allocations: 3626)


  
ActionView::Template::Error (undefined method `id' for nil:NilClass):
     9:           <h5 class="card-title" style="color: #ff60aa;"><%= city.name %></h5>
    10:           <p class="card-text"><em><%= city.id %></em></p>
    11:           <div class="mt-auto text-center">
    12:             <a href="<%= city_path(@city.id) %>" class="btn btn-primary">Voir la ville</a>
    13:           </div>
    14:         </div>
    15:       </div>
  
app/views/cities/index.html.erb:12
app/views/cities/index.html.erb:6
Started GET "/cities" for 127.0.0.1 at 2023-05-10 14:13:42 +0200
Processing by CitiesController#index as HTML
  Rendering layout layouts/application.html.erb
  Rendering cities/index.html.erb within layouts/application
  [1m[36mCity Load (0.4ms)[0m  [1m[34mSELECT "cities".* FROM "cities"[0m
  ↳ app/views/cities/index.html.erb:6
  Rendered cities/index.html.erb within layouts/application (Duration: 4.5ms | Allocations: 1797)
  Rendered layout layouts/application.html.erb (Duration: 11.2ms | Allocations: 4958)
Completed 200 OK in 15ms (Views: 13.8ms | ActiveRecord: 0.4ms | Allocations: 5966)


Started GET "/cities/2" for 127.0.0.1 at 2023-05-10 14:13:43 +0200
Processing by CitiesController#show as HTML
  Parameters: {"id"=>"2"}
  [1m[36mCity Load (1.2ms)[0m  [1m[34mSELECT "cities".* FROM "cities" WHERE "cities"."id" = $1 LIMIT $2[0m  [["id", 2], ["LIMIT", 1]]
  ↳ app/controllers/cities_controller.rb:3:in `show'
  Rendering layout layouts/application.html.erb
  Rendering cities/show.html.erb within layouts/application
  Rendered cities/show.html.erb within layouts/application (Duration: 1.4ms | Allocations: 165)
  Rendered layout layouts/application.html.erb (Duration: 8.3ms | Allocations: 2814)
Completed 200 OK in 15ms (Views: 9.2ms | ActiveRecord: 1.2ms | Allocations: 3624)


Started GET "/cities" for 127.0.0.1 at 2023-05-10 14:13:44 +0200
Processing by CitiesController#index as HTML
  Rendering layout layouts/application.html.erb
  Rendering cities/index.html.erb within layouts/application
  [1m[36mCity Load (0.2ms)[0m  [1m[34mSELECT "cities".* FROM "cities"[0m
  ↳ app/views/cities/index.html.erb:6
  Rendered cities/index.html.erb within layouts/application (Duration: 3.1ms | Allocations: 1546)
  Rendered layout layouts/application.html.erb (Duration: 7.4ms | Allocations: 4207)
Completed 200 OK in 8ms (Views: 7.7ms | ActiveRecord: 0.2ms | Allocations: 4510)


Started GET "/cities/1" for 127.0.0.1 at 2023-05-10 14:13:45 +0200
Processing by CitiesController#show as HTML
  Parameters: {"id"=>"1"}
  [1m[36mCity Load (0.4ms)[0m  [1m[34mSELECT "cities".* FROM "cities" WHERE "cities"."id" = $1 LIMIT $2[0m  [["id", 1], ["LIMIT", 1]]
  ↳ app/controllers/cities_controller.rb:3:in `show'
  Rendering layout layouts/application.html.erb
  Rendering cities/show.html.erb within layouts/application
  Rendered cities/show.html.erb within layouts/application (Duration: 0.5ms | Allocations: 33)
  Rendered layout layouts/application.html.erb (Duration: 4.4ms | Allocations: 2686)
Completed 200 OK in 7ms (Views: 5.2ms | ActiveRecord: 0.4ms | Allocations: 3439)


Started GET "/cities" for 127.0.0.1 at 2023-05-10 14:13:46 +0200
Processing by CitiesController#index as HTML
  Rendering layout layouts/application.html.erb
  Rendering cities/index.html.erb within layouts/application
  [1m[36mCity Load (0.3ms)[0m  [1m[34mSELECT "cities".* FROM "cities"[0m
  ↳ app/views/cities/index.html.erb:6
  Rendered cities/index.html.erb within layouts/application (Duration: 4.0ms | Allocations: 1546)
  Rendered layout layouts/application.html.erb (Duration: 8.4ms | Allocations: 4195)
Completed 200 OK in 10ms (Views: 9.0ms | ActiveRecord: 0.3ms | Allocations: 4498)


Started GET "/cities/3" for 127.0.0.1 at 2023-05-10 14:13:48 +0200
Processing by CitiesController#show as HTML
  Parameters: {"id"=>"3"}
  [1m[36mCity Load (0.2ms)[0m  [1m[34mSELECT "cities".* FROM "cities" WHERE "cities"."id" = $1 LIMIT $2[0m  [["id", 3], ["LIMIT", 1]]
  ↳ app/controllers/cities_controller.rb:3:in `show'
  Rendering layout layouts/application.html.erb
  Rendering cities/show.html.erb within layouts/application
  Rendered cities/show.html.erb within layouts/application (Duration: 0.5ms | Allocations: 33)
  Rendered layout layouts/application.html.erb (Duration: 8.7ms | Allocations: 2682)
Completed 200 OK in 12ms (Views: 9.4ms | ActiveRecord: 0.2ms | Allocations: 3435)


Started GET "/" for 127.0.0.1 at 2023-05-10 14:25:34 +0200
Processing by GossipsController#home as HTML
  Rendering layout layouts/application.html.erb
  Rendering gossips/home.html.erb within layouts/application
  [1m[36mGossip Load (1.0ms)[0m  [1m[34mSELECT "gossips".* FROM "gossips"[0m
  ↳ app/views/gossips/home.html.erb:12
  Rendered gossips/home.html.erb within layouts/application (Duration: 68.2ms | Allocations: 6202)
  Rendered layout layouts/application.html.erb (Duration: 80.9ms | Allocations: 9143)
Completed 200 OK in 116ms (Views: 89.2ms | ActiveRecord: 9.5ms | Allocations: 16562)


Started GET "/potin/1" for 127.0.0.1 at 2023-05-10 14:25:36 +0200
Processing by GossipsController#potin as HTML
  Parameters: {"id"=>"1"}
  [1m[36mGossip Load (0.4ms)[0m  [1m[34mSELECT "gossips".* FROM "gossips" WHERE "gossips"."id" = $1 LIMIT $2[0m  [["id", 1], ["LIMIT", 1]]
  ↳ app/controllers/gossips_controller.rb:33:in `potin'
  Rendering layout layouts/application.html.erb
  Rendering gossips/potin.html.erb within layouts/application
  [1m[36mGossip Load (0.3ms)[0m  [1m[34mSELECT "gossips".* FROM "gossips"[0m
  ↳ app/views/gossips/potin.html.erb:2
  [1m[36mUser Load (0.8ms)[0m  [1m[34mSELECT "users".* FROM "users" WHERE "users"."id" = $1 LIMIT $2[0m  [["id", 9], ["LIMIT", 1]]
  ↳ app/views/gossips/potin.html.erb:6
  [1m[36mCity Load (0.5ms)[0m  [1m[34mSELECT "cities".* FROM "cities" WHERE "cities"."id" = $1 LIMIT $2[0m  [["id", 2], ["LIMIT", 1]]
  ↳ app/views/gossips/potin.html.erb:7
  Rendered gossips/potin.html.erb within layouts/application (Duration: 39.3ms | Allocations: 19596)
  Rendered layout layouts/application.html.erb (Duration: 44.5ms | Allocations: 22245)
Completed 200 OK in 51ms (Views: 43.7ms | ActiveRecord: 2.1ms | Allocations: 23668)


Started GET "/user/9" for 127.0.0.1 at 2023-05-10 14:25:37 +0200
Processing by GossipsController#user as HTML
  Parameters: {"user"=>"9"}
  [1m[36mUser Load (0.3ms)[0m  [1m[34mSELECT "users".* FROM "users" WHERE "users"."id" = $1 LIMIT $2[0m  [["id", 9], ["LIMIT", 1]]
  ↳ app/controllers/gossips_controller.rb:38:in `user'
  Rendering layout layouts/application.html.erb
  Rendering gossips/user.html.erb within layouts/application
  [1m[36mCity Load (0.3ms)[0m  [1m[34mSELECT "cities".* FROM "cities" WHERE "cities"."id" = $1 LIMIT $2[0m  [["id", 2], ["LIMIT", 1]]
  ↳ app/views/gossips/user.html.erb:10
  Rendered gossips/user.html.erb within layouts/application (Duration: 3.8ms | Allocations: 926)
  Rendered layout layouts/application.html.erb (Duration: 8.3ms | Allocations: 3561)
Completed 200 OK in 12ms (Views: 8.7ms | ActiveRecord: 0.7ms | Allocations: 4953)


Started GET "/cities/2" for 127.0.0.1 at 2023-05-10 14:25:38 +0200
Processing by CitiesController#show as HTML
  Parameters: {"id"=>"2"}
  [1m[36mCity Load (0.4ms)[0m  [1m[34mSELECT "cities".* FROM "cities" WHERE "cities"."id" = $1 LIMIT $2[0m  [["id", 2], ["LIMIT", 1]]
  ↳ app/controllers/cities_controller.rb:3:in `show'
Completed 500 Internal Server Error in 8ms (ActiveRecord: 0.4ms | Allocations: 4035)


  
NameError (undefined local variable or method `city' for #<CitiesController:0x000000000147f8>
Did you mean?  @city):
  
app/controllers/cities_controller.rb:4:in `show'
Started GET "/cities/2" for 127.0.0.1 at 2023-05-10 14:26:17 +0200
Processing by CitiesController#show as HTML
  Parameters: {"id"=>"2"}
  [1m[36mCity Load (0.2ms)[0m  [1m[34mSELECT "cities".* FROM "cities" WHERE "cities"."id" = $1 LIMIT $2[0m  [["id", 2], ["LIMIT", 1]]
  ↳ app/controllers/cities_controller.rb:3:in `show'
Completed 500 Internal Server Error in 33ms (ActiveRecord: 9.1ms | Allocations: 15874)


  
NoMethodError (undefined method `id' for City:Class
Did you mean?  ids):
  
app/controllers/cities_controller.rb:4:in `show'
Started GET "/cities/2" for 127.0.0.1 at 2023-05-10 14:26:34 +0200
Processing by CitiesController#show as HTML
  Parameters: {"id"=>"2"}
  [1m[36mCity Load (0.2ms)[0m  [1m[34mSELECT "cities".* FROM "cities" WHERE "cities"."id" = $1 LIMIT $2[0m  [["id", 2], ["LIMIT", 1]]
  ↳ app/controllers/cities_controller.rb:3:in `show'
  [1m[36mCACHE City Load (0.0ms)[0m  [1m[34mSELECT "cities".* FROM "cities" WHERE "cities"."id" = $1 LIMIT $2[0m  [["id", 2], ["LIMIT", 1]]
  ↳ app/controllers/cities_controller.rb:4:in `show'
Completed 500 Internal Server Error in 25ms (ActiveRecord: 5.7ms | Allocations: 13689)


  
ArgumentError (You are passing an instance of ActiveRecord::Base to `find`. Please pass the id of the object by calling `.id`.):
  
app/controllers/cities_controller.rb:4:in `show'
Started GET "/cities/2" for 127.0.0.1 at 2023-05-10 14:27:47 +0200
Processing by CitiesController#show as HTML
  Parameters: {"id"=>"2"}
  [1m[36mCity Load (0.4ms)[0m  [1m[34mSELECT "cities".* FROM "cities" WHERE "cities"."id" = $1 LIMIT $2[0m  [["id", 2], ["LIMIT", 1]]
  ↳ app/controllers/cities_controller.rb:3:in `show'
  Rendering layout layouts/application.html.erb
  Rendering cities/show.html.erb within layouts/application
  Rendered cities/show.html.erb within layouts/application (Duration: 14.0ms | Allocations: 1885)
  Rendered layout layouts/application.html.erb (Duration: 14.3ms | Allocations: 1957)
Completed 500 Internal Server Error in 39ms (ActiveRecord: 4.6ms | Allocations: 16031)


  
ActionView::Template::Error (PG::UndefinedColumn: ERROR:  column gossips.city_id does not exist
LINE 1: SELECT "gossips".* FROM "gossips" WHERE "gossips"."city_id" ...
                                                ^
):
    3: 
    4: <div class="container">
    5:   <div class="row justify-content-center mb-5">
    6:     <% @gossips.each do |gossip| %>
    7:       <div class="card mb-3 mx-4 card-home" style="width: 17rem;">
    8:         <div class="card-body d-flex flex-column justify-content-between">
    9:           <h5 class="card-title" style="color: #ff60aa;"><%= gossip.title %></h5>
  
app/views/cities/show.html.erb:6
Started GET "/cities/2" for 127.0.0.1 at 2023-05-10 14:28:35 +0200
Processing by CitiesController#show as HTML
  Parameters: {"id"=>"2"}
  [1m[36mCity Load (0.2ms)[0m  [1m[34mSELECT "cities".* FROM "cities" WHERE "cities"."id" = $1 LIMIT $2[0m  [["id", 2], ["LIMIT", 1]]
  ↳ app/controllers/cities_controller.rb:3:in `show'
  Rendering layout layouts/application.html.erb
  Rendering cities/show.html.erb within layouts/application
  [1m[36mGossip Load (3.9ms)[0m  [1m[34mSELECT "gossips".* FROM "gossips" INNER JOIN "users" ON "gossips"."user_id" = "users"."id" WHERE "users"."city_id" = $1[0m  [["city_id", 2]]
  ↳ app/views/cities/show.html.erb:6
  Rendered cities/show.html.erb within layouts/application (Duration: 21.5ms | Allocations: 6308)
  Rendered layout layouts/application.html.erb (Duration: 26.6ms | Allocations: 9037)
Completed 200 OK in 73ms (Views: 18.4ms | ActiveRecord: 13.0ms | Allocations: 33056)


Started GET "/cities/2" for 127.0.0.1 at 2023-05-10 14:33:55 +0200
  [1m[36mActiveRecord::SchemaMigration Pluck (0.7ms)[0m  [1m[34mSELECT "schema_migrations"."version" FROM "schema_migrations" ORDER BY "schema_migrations"."version" ASC[0m
Processing by CitiesController#show as HTML
  Parameters: {"id"=>"2"}
  [1m[36mCity Load (0.5ms)[0m  [1m[34mSELECT "cities".* FROM "cities" WHERE "cities"."id" = $1 LIMIT $2[0m  [["id", 2], ["LIMIT", 1]]
  ↳ app/controllers/cities_controller.rb:3:in `show'
  Rendering layout layouts/application.html.erb
  Rendering cities/show.html.erb within layouts/application
  [1m[36mGossip Load (1.1ms)[0m  [1m[34mSELECT "gossips".* FROM "gossips" INNER JOIN "users" ON "gossips"."user_id" = "users"."id" WHERE "users"."city_id" = $1[0m  [["city_id", 2]]
  ↳ app/views/cities/show.html.erb:6
  Rendered cities/show.html.erb within layouts/application (Duration: 99.1ms | Allocations: 20466)
  Rendered layout layouts/application.html.erb (Duration: 148.0ms | Allocations: 43284)
Completed 200 OK in 219ms (Views: 145.0ms | ActiveRecord: 14.1ms | Allocations: 89754)


Started GET "/" for 127.0.0.1 at 2023-05-10 14:33:57 +0200
Processing by GossipsController#home as HTML
  Rendering layout layouts/application.html.erb
  Rendering gossips/home.html.erb within layouts/application
  [1m[36mGossip Load (0.2ms)[0m  [1m[34mSELECT "gossips".* FROM "gossips"[0m
  ↳ app/views/gossips/home.html.erb:12
  Rendered gossips/home.html.erb within layouts/application (Duration: 3.7ms | Allocations: 1565)
  Rendered layout layouts/application.html.erb (Duration: 9.2ms | Allocations: 4081)
Completed 200 OK in 12ms (Views: 10.6ms | ActiveRecord: 0.2ms | Allocations: 4950)


Started GET "/potin/1" for 127.0.0.1 at 2023-05-10 14:33:58 +0200
Processing by GossipsController#potin as HTML
  Parameters: {"id"=>"1"}
  [1m[36mGossip Load (0.3ms)[0m  [1m[34mSELECT "gossips".* FROM "gossips" WHERE "gossips"."id" = $1 LIMIT $2[0m  [["id", 1], ["LIMIT", 1]]
  ↳ app/controllers/gossips_controller.rb:33:in `potin'
  Rendering layout layouts/application.html.erb
  Rendering gossips/potin.html.erb within layouts/application
  [1m[36mGossip Load (0.3ms)[0m  [1m[34mSELECT "gossips".* FROM "gossips"[0m
  ↳ app/views/gossips/potin.html.erb:2
  [1m[36mUser Load (0.4ms)[0m  [1m[34mSELECT "users".* FROM "users" WHERE "users"."id" = $1 LIMIT $2[0m  [["id", 9], ["LIMIT", 1]]
  ↳ app/views/gossips/potin.html.erb:6
  [1m[36mCity Load (0.3ms)[0m  [1m[34mSELECT "cities".* FROM "cities" WHERE "cities"."id" = $1 LIMIT $2[0m  [["id", 2], ["LIMIT", 1]]
  ↳ app/views/gossips/potin.html.erb:7
  Rendered gossips/potin.html.erb within layouts/application (Duration: 27.3ms | Allocations: 20664)
  Rendered layout layouts/application.html.erb (Duration: 31.9ms | Allocations: 23306)
Completed 200 OK in 36ms (Views: 31.3ms | ActiveRecord: 1.3ms | Allocations: 24708)


Started GET "/users/9" for 127.0.0.1 at 2023-05-10 14:33:59 +0200
Processing by UsersController#show as HTML
  Parameters: {"id"=>"9"}
Completed 404 Not Found in 1ms (ActiveRecord: 0.0ms | Allocations: 552)


  
ActiveRecord::RecordNotFound (Couldn't find User without an ID):
  
app/controllers/users_controller.rb:6:in `show'
Started GET "/users/9" for 127.0.0.1 at 2023-05-10 14:34:09 +0200
Processing by UsersController#show as HTML
  Parameters: {"id"=>"9"}
  [1m[36mUser Load (0.2ms)[0m  [1m[34mSELECT "users".* FROM "users" WHERE "users"."id" = $1 LIMIT $2[0m  [["id", 9], ["LIMIT", 1]]
  ↳ app/controllers/users_controller.rb:6:in `show'
  Rendering layout layouts/application.html.erb
  Rendering users/show.html.erb within layouts/application
  Rendered users/show.html.erb within layouts/application (Duration: 0.9ms | Allocations: 117)
  Rendered layout layouts/application.html.erb (Duration: 4.8ms | Allocations: 2858)
Completed 200 OK in 27ms (Views: 6.6ms | ActiveRecord: 4.7ms | Allocations: 14939)


Started GET "/users/9" for 127.0.0.1 at 2023-05-10 14:34:35 +0200
Processing by UsersController#show as HTML
  Parameters: {"id"=>"9"}
  [1m[36mUser Load (0.3ms)[0m  [1m[34mSELECT "users".* FROM "users" WHERE "users"."id" = $1 LIMIT $2[0m  [["id", 9], ["LIMIT", 1]]
  ↳ app/controllers/users_controller.rb:6:in `show'
  Rendering layout layouts/application.html.erb
  Rendering users/show.html.erb within layouts/application
  [1m[36mCity Load (0.3ms)[0m  [1m[34mSELECT "cities".* FROM "cities" WHERE "cities"."id" = $1 LIMIT $2[0m  [["id", 2], ["LIMIT", 1]]
  ↳ app/views/users/show.html.erb:8
  Rendered users/show.html.erb within layouts/application (Duration: 29.2ms | Allocations: 10367)
  Rendered layout layouts/application.html.erb (Duration: 34.9ms | Allocations: 13508)
Completed 200 OK in 40ms (Views: 34.2ms | ActiveRecord: 3.3ms | Allocations: 14977)


Started GET "/users/9" for 127.0.0.1 at 2023-05-10 14:35:00 +0200
Processing by UsersController#show as HTML
  Parameters: {"id"=>"9"}
  [1m[36mUser Load (0.4ms)[0m  [1m[34mSELECT "users".* FROM "users" WHERE "users"."id" = $1 LIMIT $2[0m  [["id", 9], ["LIMIT", 1]]
  ↳ app/controllers/users_controller.rb:6:in `show'
  Rendering layout layouts/application.html.erb
  Rendering users/show.html.erb within layouts/application
  [1m[36mCity Load (0.2ms)[0m  [1m[34mSELECT "cities".* FROM "cities" WHERE "cities"."id" = $1 LIMIT $2[0m  [["id", 2], ["LIMIT", 1]]
  ↳ app/views/users/show.html.erb:8
  Rendered users/show.html.erb within layouts/application (Duration: 13.9ms | Allocations: 7554)
  Rendered layout layouts/application.html.erb (Duration: 19.2ms | Allocations: 10712)
Completed 200 OK in 45ms (Views: 19.0ms | ActiveRecord: 6.5ms | Allocations: 22955)


Started GET "/cities/2" for 127.0.0.1 at 2023-05-10 14:35:02 +0200
Processing by CitiesController#show as HTML
  Parameters: {"id"=>"2"}
  [1m[36mCity Load (0.4ms)[0m  [1m[34mSELECT "cities".* FROM "cities" WHERE "cities"."id" = $1 LIMIT $2[0m  [["id", 2], ["LIMIT", 1]]
  ↳ app/controllers/cities_controller.rb:3:in `show'
  Rendering layout layouts/application.html.erb
  Rendering cities/show.html.erb within layouts/application
  [1m[36mGossip Load (3.6ms)[0m  [1m[34mSELECT "gossips".* FROM "gossips" INNER JOIN "users" ON "gossips"."user_id" = "users"."id" WHERE "users"."city_id" = $1[0m  [["city_id", 2]]
  ↳ app/views/cities/show.html.erb:6
  Rendered cities/show.html.erb within layouts/application (Duration: 15.3ms | Allocations: 4427)
  Rendered layout layouts/application.html.erb (Duration: 20.3ms | Allocations: 7149)
Completed 200 OK in 34ms (Views: 16.3ms | ActiveRecord: 6.9ms | Allocations: 15914)


Started GET "/cities" for 127.0.0.1 at 2023-05-10 14:35:03 +0200
Processing by CitiesController#index as HTML
  Rendering layout layouts/application.html.erb
  Rendering cities/index.html.erb within layouts/application
  [1m[36mCity Load (0.3ms)[0m  [1m[34mSELECT "cities".* FROM "cities"[0m
  ↳ app/views/cities/index.html.erb:6
  Rendered cities/index.html.erb within layouts/application (Duration: 6.5ms | Allocations: 1813)
  Rendered layout layouts/application.html.erb (Duration: 12.0ms | Allocations: 4470)
Completed 200 OK in 13ms (Views: 12.4ms | ActiveRecord: 0.3ms | Allocations: 4833)


Started GET "/cities/1" for 127.0.0.1 at 2023-05-10 14:35:04 +0200
Processing by CitiesController#show as HTML
  Parameters: {"id"=>"1"}
  [1m[36mCity Load (0.4ms)[0m  [1m[34mSELECT "cities".* FROM "cities" WHERE "cities"."id" = $1 LIMIT $2[0m  [["id", 1], ["LIMIT", 1]]
  ↳ app/controllers/cities_controller.rb:3:in `show'
  Rendering layout layouts/application.html.erb
  Rendering cities/show.html.erb within layouts/application
  [1m[36mGossip Load (0.5ms)[0m  [1m[34mSELECT "gossips".* FROM "gossips" INNER JOIN "users" ON "gossips"."user_id" = "users"."id" WHERE "users"."city_id" = $1[0m  [["city_id", 1]]
  ↳ app/views/cities/show.html.erb:6
  Rendered cities/show.html.erb within layouts/application (Duration: 3.7ms | Allocations: 1095)
  Rendered layout layouts/application.html.erb (Duration: 8.6ms | Allocations: 3744)
Completed 200 OK in 13ms (Views: 8.6ms | ActiveRecord: 0.9ms | Allocations: 4559)


Started GET "/" for 127.0.0.1 at 2023-05-10 14:35:08 +0200
Processing by GossipsController#home as HTML
  Rendering layout layouts/application.html.erb
  Rendering gossips/home.html.erb within layouts/application
  [1m[36mGossip Load (0.3ms)[0m  [1m[34mSELECT "gossips".* FROM "gossips"[0m
  ↳ app/views/gossips/home.html.erb:12
  Rendered gossips/home.html.erb within layouts/application (Duration: 5.8ms | Allocations: 1523)
  Rendered layout layouts/application.html.erb (Duration: 9.9ms | Allocations: 4038)
Completed 200 OK in 13ms (Views: 11.9ms | ActiveRecord: 0.3ms | Allocations: 4895)


Started GET "/" for 127.0.0.1 at 2023-05-10 14:35:59 +0200
  [1m[36mActiveRecord::SchemaMigration Pluck (1.0ms)[0m  [1m[34mSELECT "schema_migrations"."version" FROM "schema_migrations" ORDER BY "schema_migrations"."version" ASC[0m
Processing by GossipsController#home as HTML
  Rendering layout layouts/application.html.erb
  Rendering gossips/home.html.erb within layouts/application
  [1m[36mGossip Load (2.1ms)[0m  [1m[34mSELECT "gossips".* FROM "gossips"[0m
  ↳ app/views/gossips/home.html.erb:12
  Rendered gossips/home.html.erb within layouts/application (Duration: 44.4ms | Allocations: 17882)
  Rendered layout layouts/application.html.erb (Duration: 139.2ms | Allocations: 40361)
Completed 200 OK in 176ms (Views: 122.6ms | ActiveRecord: 24.4ms | Allocations: 53748)


Started GET "/" for 127.0.0.1 at 2023-05-10 14:36:36 +0200
  [1m[36mActiveRecord::SchemaMigration Pluck (0.5ms)[0m  [1m[34mSELECT "schema_migrations"."version" FROM "schema_migrations" ORDER BY "schema_migrations"."version" ASC[0m
Processing by GossipsController#home as HTML
  Rendering layout layouts/application.html.erb
  Rendering gossips/home.html.erb within layouts/application
  Rendered gossips/home.html.erb within layouts/application (Duration: 7.5ms | Allocations: 3052)
  Rendered layout layouts/application.html.erb (Duration: 7.7ms | Allocations: 3137)
Completed 500 Internal Server Error in 20ms (ActiveRecord: 0.0ms | Allocations: 7489)


  
ActionView::Template::Error (undefined method `each' for nil:NilClass):
     9: 
    10: <div class="container">
    11:   <div class="row justify-content-center mb-5">
    12:     <% @gossips.each do |gossip| %>
    13:       <div class="card mb-3 mx-4 card-home" style="width: 17rem;">
    14:         <div class="card-body d-flex flex-column justify-content-between">
    15:           <h5 class="card-title" style="color: #ff60aa;"><%= gossip.title %></h5>
  
app/views/gossips/home.html.erb:12
Started GET "/" for 127.0.0.1 at 2023-05-10 14:36:53 +0200
Processing by GossipsController#index as HTML
Completed 406 Not Acceptable in 16ms (ActiveRecord: 0.0ms | Allocations: 8721)


  
ActionController::MissingExactTemplate (GossipsController#index is missing a template for request formats: text/html):
  
actionpack (7.0.4.3) lib/action_controller/metal/implicit_render.rb:45:in `default_render'
actionpack (7.0.4.3) lib/action_controller/metal/basic_implicit_render.rb:6:in `block in send_action'
<internal:kernel>:90:in `tap'
actionpack (7.0.4.3) lib/action_controller/metal/basic_implicit_render.rb:6:in `send_action'
actionpack (7.0.4.3) lib/abstract_controller/base.rb:215:in `process_action'
actionpack (7.0.4.3) lib/action_controller/metal/rendering.rb:53:in `process_action'
actionpack (7.0.4.3) lib/abstract_controller/callbacks.rb:234:in `block in process_action'
activesupport (7.0.4.3) lib/active_support/callbacks.rb:118:in `block in run_callbacks'
actiontext (7.0.4.3) lib/action_text/rendering.rb:20:in `with_renderer'
actiontext (7.0.4.3) lib/action_text/engine.rb:69:in `block (4 levels) in <class:Engine>'
activesupport (7.0.4.3) lib/active_support/callbacks.rb:127:in `instance_exec'
activesupport (7.0.4.3) lib/active_support/callbacks.rb:127:in `block in run_callbacks'
activesupport (7.0.4.3) lib/active_support/callbacks.rb:138:in `run_callbacks'
actionpack (7.0.4.3) lib/abstract_controller/callbacks.rb:233:in `process_action'
actionpack (7.0.4.3) lib/action_controller/metal/rescue.rb:22:in `process_action'
actionpack (7.0.4.3) lib/action_controller/metal/instrumentation.rb:67:in `block in process_action'
activesupport (7.0.4.3) lib/active_support/notifications.rb:206:in `block in instrument'
activesupport (7.0.4.3) lib/active_support/notifications/instrumenter.rb:24:in `instrument'
activesupport (7.0.4.3) lib/active_support/notifications.rb:206:in `instrument'
actionpack (7.0.4.3) lib/action_controller/metal/instrumentation.rb:66:in `process_action'
actionpack (7.0.4.3) lib/action_controller/metal/params_wrapper.rb:259:in `process_action'
activerecord (7.0.4.3) lib/active_record/railties/controller_runtime.rb:27:in `process_action'
actionpack (7.0.4.3) lib/abstract_controller/base.rb:151:in `process'
actionview (7.0.4.3) lib/action_view/rendering.rb:39:in `process'
actionpack (7.0.4.3) lib/action_controller/metal.rb:188:in `dispatch'
actionpack (7.0.4.3) lib/action_controller/metal.rb:251:in `dispatch'
actionpack (7.0.4.3) lib/action_dispatch/routing/route_set.rb:49:in `dispatch'
actionpack (7.0.4.3) lib/action_dispatch/routing/route_set.rb:32:in `serve'
actionpack (7.0.4.3) lib/action_dispatch/journey/router.rb:50:in `block in serve'
actionpack (7.0.4.3) lib/action_dispatch/journey/router.rb:32:in `each'
actionpack (7.0.4.3) lib/action_dispatch/journey/router.rb:32:in `serve'
actionpack (7.0.4.3) lib/action_dispatch/routing/route_set.rb:852:in `call'
rack (2.2.7) lib/rack/tempfile_reaper.rb:15:in `call'
rack (2.2.7) lib/rack/etag.rb:27:in `call'
rack (2.2.7) lib/rack/conditional_get.rb:27:in `call'
rack (2.2.7) lib/rack/head.rb:12:in `call'
actionpack (7.0.4.3) lib/action_dispatch/http/permissions_policy.rb:38:in `call'
actionpack (7.0.4.3) lib/action_dispatch/http/content_security_policy.rb:36:in `call'
rack (2.2.7) lib/rack/session/abstract/id.rb:266:in `context'
rack (2.2.7) lib/rack/session/abstract/id.rb:260:in `call'
actionpack (7.0.4.3) lib/action_dispatch/middleware/cookies.rb:704:in `call'
activerecord (7.0.4.3) lib/active_record/migration.rb:603:in `call'
actionpack (7.0.4.3) lib/action_dispatch/middleware/callbacks.rb:27:in `block in call'
activesupport (7.0.4.3) lib/active_support/callbacks.rb:99:in `run_callbacks'
actionpack (7.0.4.3) lib/action_dispatch/middleware/callbacks.rb:26:in `call'
actionpack (7.0.4.3) lib/action_dispatch/middleware/executor.rb:14:in `call'
actionpack (7.0.4.3) lib/action_dispatch/middleware/actionable_exceptions.rb:17:in `call'
actionpack (7.0.4.3) lib/action_dispatch/middleware/debug_exceptions.rb:28:in `call'
web-console (4.2.0) lib/web_console/middleware.rb:132:in `call_app'
web-console (4.2.0) lib/web_console/middleware.rb:28:in `block in call'
web-console (4.2.0) lib/web_console/middleware.rb:17:in `catch'
web-console (4.2.0) lib/web_console/middleware.rb:17:in `call'
actionpack (7.0.4.3) lib/action_dispatch/middleware/show_exceptions.rb:26:in `call'
railties (7.0.4.3) lib/rails/rack/logger.rb:40:in `call_app'
railties (7.0.4.3) lib/rails/rack/logger.rb:25:in `block in call'
activesupport (7.0.4.3) lib/active_support/tagged_logging.rb:99:in `block in tagged'
activesupport (7.0.4.3) lib/active_support/tagged_logging.rb:37:in `tagged'
activesupport (7.0.4.3) lib/active_support/tagged_logging.rb:99:in `tagged'
railties (7.0.4.3) lib/rails/rack/logger.rb:25:in `call'
sprockets-rails (3.4.2) lib/sprockets/rails/quiet_assets.rb:13:in `call'
actionpack (7.0.4.3) lib/action_dispatch/middleware/remote_ip.rb:93:in `call'
actionpack (7.0.4.3) lib/action_dispatch/middleware/request_id.rb:26:in `call'
rack (2.2.7) lib/rack/method_override.rb:24:in `call'
rack (2.2.7) lib/rack/runtime.rb:22:in `call'
activesupport (7.0.4.3) lib/active_support/cache/strategy/local_cache_middleware.rb:29:in `call'
actionpack (7.0.4.3) lib/action_dispatch/middleware/server_timing.rb:61:in `block in call'
actionpack (7.0.4.3) lib/action_dispatch/middleware/server_timing.rb:26:in `collect_events'
actionpack (7.0.4.3) lib/action_dispatch/middleware/server_timing.rb:60:in `call'
actionpack (7.0.4.3) lib/action_dispatch/middleware/executor.rb:14:in `call'
actionpack (7.0.4.3) lib/action_dispatch/middleware/static.rb:23:in `call'
rack (2.2.7) lib/rack/sendfile.rb:110:in `call'
actionpack (7.0.4.3) lib/action_dispatch/middleware/host_authorization.rb:137:in `call'
railties (7.0.4.3) lib/rails/engine.rb:530:in `call'
puma (5.6.5) lib/puma/configuration.rb:252:in `call'
puma (5.6.5) lib/puma/request.rb:77:in `block in handle_request'
puma (5.6.5) lib/puma/thread_pool.rb:340:in `with_force_shutdown'
puma (5.6.5) lib/puma/request.rb:76:in `handle_request'
puma (5.6.5) lib/puma/server.rb:443:in `process_client'
puma (5.6.5) lib/puma/thread_pool.rb:147:in `block in spawn_thread'
Started GET "/" for 127.0.0.1 at 2023-05-10 14:37:09 +0200
Processing by GossipsController#index as HTML
Completed 406 Not Acceptable in 6ms (ActiveRecord: 0.0ms | Allocations: 6863)


  
ActionController::MissingExactTemplate (GossipsController#index is missing a template for request formats: text/html):
  
actionpack (7.0.4.3) lib/action_controller/metal/implicit_render.rb:45:in `default_render'
actionpack (7.0.4.3) lib/action_controller/metal/basic_implicit_render.rb:6:in `block in send_action'
<internal:kernel>:90:in `tap'
actionpack (7.0.4.3) lib/action_controller/metal/basic_implicit_render.rb:6:in `send_action'
actionpack (7.0.4.3) lib/abstract_controller/base.rb:215:in `process_action'
actionpack (7.0.4.3) lib/action_controller/metal/rendering.rb:53:in `process_action'
actionpack (7.0.4.3) lib/abstract_controller/callbacks.rb:234:in `block in process_action'
activesupport (7.0.4.3) lib/active_support/callbacks.rb:118:in `block in run_callbacks'
actiontext (7.0.4.3) lib/action_text/rendering.rb:20:in `with_renderer'
actiontext (7.0.4.3) lib/action_text/engine.rb:69:in `block (4 levels) in <class:Engine>'
activesupport (7.0.4.3) lib/active_support/callbacks.rb:127:in `instance_exec'
activesupport (7.0.4.3) lib/active_support/callbacks.rb:127:in `block in run_callbacks'
activesupport (7.0.4.3) lib/active_support/callbacks.rb:138:in `run_callbacks'
actionpack (7.0.4.3) lib/abstract_controller/callbacks.rb:233:in `process_action'
actionpack (7.0.4.3) lib/action_controller/metal/rescue.rb:22:in `process_action'
actionpack (7.0.4.3) lib/action_controller/metal/instrumentation.rb:67:in `block in process_action'
activesupport (7.0.4.3) lib/active_support/notifications.rb:206:in `block in instrument'
activesupport (7.0.4.3) lib/active_support/notifications/instrumenter.rb:24:in `instrument'
activesupport (7.0.4.3) lib/active_support/notifications.rb:206:in `instrument'
actionpack (7.0.4.3) lib/action_controller/metal/instrumentation.rb:66:in `process_action'
actionpack (7.0.4.3) lib/action_controller/metal/params_wrapper.rb:259:in `process_action'
activerecord (7.0.4.3) lib/active_record/railties/controller_runtime.rb:27:in `process_action'
actionpack (7.0.4.3) lib/abstract_controller/base.rb:151:in `process'
actionview (7.0.4.3) lib/action_view/rendering.rb:39:in `process'
actionpack (7.0.4.3) lib/action_controller/metal.rb:188:in `dispatch'
actionpack (7.0.4.3) lib/action_controller/metal.rb:251:in `dispatch'
actionpack (7.0.4.3) lib/action_dispatch/routing/route_set.rb:49:in `dispatch'
actionpack (7.0.4.3) lib/action_dispatch/routing/route_set.rb:32:in `serve'
actionpack (7.0.4.3) lib/action_dispatch/journey/router.rb:50:in `block in serve'
actionpack (7.0.4.3) lib/action_dispatch/journey/router.rb:32:in `each'
actionpack (7.0.4.3) lib/action_dispatch/journey/router.rb:32:in `serve'
actionpack (7.0.4.3) lib/action_dispatch/routing/route_set.rb:852:in `call'
rack (2.2.7) lib/rack/tempfile_reaper.rb:15:in `call'
rack (2.2.7) lib/rack/etag.rb:27:in `call'
rack (2.2.7) lib/rack/conditional_get.rb:27:in `call'
rack (2.2.7) lib/rack/head.rb:12:in `call'
actionpack (7.0.4.3) lib/action_dispatch/http/permissions_policy.rb:38:in `call'
actionpack (7.0.4.3) lib/action_dispatch/http/content_security_policy.rb:36:in `call'
rack (2.2.7) lib/rack/session/abstract/id.rb:266:in `context'
rack (2.2.7) lib/rack/session/abstract/id.rb:260:in `call'
actionpack (7.0.4.3) lib/action_dispatch/middleware/cookies.rb:704:in `call'
activerecord (7.0.4.3) lib/active_record/migration.rb:603:in `call'
actionpack (7.0.4.3) lib/action_dispatch/middleware/callbacks.rb:27:in `block in call'
activesupport (7.0.4.3) lib/active_support/callbacks.rb:99:in `run_callbacks'
actionpack (7.0.4.3) lib/action_dispatch/middleware/callbacks.rb:26:in `call'
actionpack (7.0.4.3) lib/action_dispatch/middleware/executor.rb:14:in `call'
actionpack (7.0.4.3) lib/action_dispatch/middleware/actionable_exceptions.rb:17:in `call'
actionpack (7.0.4.3) lib/action_dispatch/middleware/debug_exceptions.rb:28:in `call'
web-console (4.2.0) lib/web_console/middleware.rb:132:in `call_app'
web-console (4.2.0) lib/web_console/middleware.rb:28:in `block in call'
web-console (4.2.0) lib/web_console/middleware.rb:17:in `catch'
web-console (4.2.0) lib/web_console/middleware.rb:17:in `call'
actionpack (7.0.4.3) lib/action_dispatch/middleware/show_exceptions.rb:26:in `call'
railties (7.0.4.3) lib/rails/rack/logger.rb:40:in `call_app'
railties (7.0.4.3) lib/rails/rack/logger.rb:25:in `block in call'
activesupport (7.0.4.3) lib/active_support/tagged_logging.rb:99:in `block in tagged'
activesupport (7.0.4.3) lib/active_support/tagged_logging.rb:37:in `tagged'
activesupport (7.0.4.3) lib/active_support/tagged_logging.rb:99:in `tagged'
railties (7.0.4.3) lib/rails/rack/logger.rb:25:in `call'
sprockets-rails (3.4.2) lib/sprockets/rails/quiet_assets.rb:13:in `call'
actionpack (7.0.4.3) lib/action_dispatch/middleware/remote_ip.rb:93:in `call'
actionpack (7.0.4.3) lib/action_dispatch/middleware/request_id.rb:26:in `call'
rack (2.2.7) lib/rack/method_override.rb:24:in `call'
rack (2.2.7) lib/rack/runtime.rb:22:in `call'
activesupport (7.0.4.3) lib/active_support/cache/strategy/local_cache_middleware.rb:29:in `call'
actionpack (7.0.4.3) lib/action_dispatch/middleware/server_timing.rb:61:in `block in call'
actionpack (7.0.4.3) lib/action_dispatch/middleware/server_timing.rb:26:in `collect_events'
actionpack (7.0.4.3) lib/action_dispatch/middleware/server_timing.rb:60:in `call'
actionpack (7.0.4.3) lib/action_dispatch/middleware/executor.rb:14:in `call'
actionpack (7.0.4.3) lib/action_dispatch/middleware/static.rb:23:in `call'
rack (2.2.7) lib/rack/sendfile.rb:110:in `call'
actionpack (7.0.4.3) lib/action_dispatch/middleware/host_authorization.rb:137:in `call'
railties (7.0.4.3) lib/rails/engine.rb:530:in `call'
puma (5.6.5) lib/puma/configuration.rb:252:in `call'
puma (5.6.5) lib/puma/request.rb:77:in `block in handle_request'
puma (5.6.5) lib/puma/thread_pool.rb:340:in `with_force_shutdown'
puma (5.6.5) lib/puma/request.rb:76:in `handle_request'
puma (5.6.5) lib/puma/server.rb:443:in `process_client'
puma (5.6.5) lib/puma/thread_pool.rb:147:in `block in spawn_thread'
Started GET "/" for 127.0.0.1 at 2023-05-10 14:37:25 +0200
  [1m[36mActiveRecord::SchemaMigration Pluck (0.6ms)[0m  [1m[34mSELECT "schema_migrations"."version" FROM "schema_migrations" ORDER BY "schema_migrations"."version" ASC[0m
Processing by GossipsController#index as HTML
  Rendering layout layouts/application.html.erb
  Rendering gossips/index.html.erb within layouts/application
  [1m[36mGossip Load (0.8ms)[0m  [1m[34mSELECT "gossips".* FROM "gossips"[0m
  ↳ app/views/gossips/index.html.erb:12
  Rendered gossips/index.html.erb within layouts/application (Duration: 21.9ms | Allocations: 17878)
  Rendered layout layouts/application.html.erb (Duration: 103.2ms | Allocations: 40269)
Completed 200 OK in 129ms (Views: 103.4ms | ActiveRecord: 4.8ms | Allocations: 53656)


Started GET "/potin/1" for 127.0.0.1 at 2023-05-10 14:37:47 +0200
  
ActionController::RoutingError (No route matches [GET] "/potin/1"):
  
Started GET "/potin/1" for 127.0.0.1 at 2023-05-10 14:38:46 +0200
  [1m[36mActiveRecord::SchemaMigration Pluck (0.6ms)[0m  [1m[34mSELECT "schema_migrations"."version" FROM "schema_migrations" ORDER BY "schema_migrations"."version" ASC[0m
  
ActionController::RoutingError (No route matches [GET] "/potin/1"):
  
Started GET "/potin/1" for 127.0.0.1 at 2023-05-10 14:39:06 +0200
  [1m[36mActiveRecord::SchemaMigration Pluck (0.5ms)[0m  [1m[34mSELECT "schema_migrations"."version" FROM "schema_migrations" ORDER BY "schema_migrations"."version" ASC[0m
  
ActionController::RoutingError (No route matches [GET] "/potin/1"):
  
Started GET "/potin/1" for 127.0.0.1 at 2023-05-10 14:39:10 +0200
  
ActionController::RoutingError (No route matches [GET] "/potin/1"):
  
Started GET "/potin/1" for 127.0.0.1 at 2023-05-10 14:40:19 +0200
  
ActionController::RoutingError (No route matches [GET] "/potin/1"):
  
Started GET "/potin/1" for 127.0.0.1 at 2023-05-10 14:40:23 +0200
  
ActionController::RoutingError (No route matches [GET] "/potin/1"):
  
Started GET "/" for 127.0.0.1 at 2023-05-10 14:41:20 +0200
  [1m[36mActiveRecord::SchemaMigration Pluck (0.6ms)[0m  [1m[34mSELECT "schema_migrations"."version" FROM "schema_migrations" ORDER BY "schema_migrations"."version" ASC[0m
Processing by GossipsController#index as HTML
  Rendering layout layouts/application.html.erb
  Rendering gossips/index.html.erb within layouts/application
  [1m[36mGossip Load (2.0ms)[0m  [1m[34mSELECT "gossips".* FROM "gossips"[0m
  ↳ app/views/gossips/index.html.erb:12
  Rendered gossips/index.html.erb within layouts/application (Duration: 29.7ms | Allocations: 18222)
  Rendered layout layouts/application.html.erb (Duration: 76.9ms | Allocations: 40267)
Completed 200 OK in 138ms (Views: 74.8ms | ActiveRecord: 9.0ms | Allocations: 53655)


Started GET "/gossips/1" for 127.0.0.1 at 2023-05-10 14:41:22 +0200
Processing by GossipsController#show as HTML
  Parameters: {"id"=>"1"}
  [1m[36mGossip Load (0.2ms)[0m  [1m[34mSELECT "gossips".* FROM "gossips" WHERE "gossips"."id" = $1 LIMIT $2[0m  [["id", 1], ["LIMIT", 1]]
  ↳ app/controllers/gossips_controller.rb:33:in `show'
  Rendering layout layouts/application.html.erb
  Rendering gossips/show.html.erb within layouts/application
  [1m[36mGossip Load (0.6ms)[0m  [1m[34mSELECT "gossips".* FROM "gossips"[0m
  ↳ app/views/gossips/show.html.erb:2
  [1m[36mUser Load (0.6ms)[0m  [1m[34mSELECT "users".* FROM "users" WHERE "users"."id" = $1 LIMIT $2[0m  [["id", 9], ["LIMIT", 1]]
  ↳ app/views/gossips/show.html.erb:6
  [1m[36mCity Load (0.4ms)[0m  [1m[34mSELECT "cities".* FROM "cities" WHERE "cities"."id" = $1 LIMIT $2[0m  [["id", 2], ["LIMIT", 1]]
  ↳ app/views/gossips/show.html.erb:7
  Rendered gossips/show.html.erb within layouts/application (Duration: 79.3ms | Allocations: 48628)
  Rendered layout layouts/application.html.erb (Duration: 83.7ms | Allocations: 51270)
Completed 200 OK in 92ms (Views: 76.4ms | ActiveRecord: 8.4ms | Allocations: 54043)


Started GET "/users/9" for 127.0.0.1 at 2023-05-10 14:41:33 +0200
Processing by UsersController#show as HTML
  Parameters: {"id"=>"9"}
  [1m[36mUser Load (0.3ms)[0m  [1m[34mSELECT "users".* FROM "users" WHERE "users"."id" = $1 LIMIT $2[0m  [["id", 9], ["LIMIT", 1]]
  ↳ app/controllers/users_controller.rb:6:in `show'
  Rendering layout layouts/application.html.erb
  Rendering users/show.html.erb within layouts/application
  [1m[36mCity Load (0.4ms)[0m  [1m[34mSELECT "cities".* FROM "cities" WHERE "cities"."id" = $1 LIMIT $2[0m  [["id", 2], ["LIMIT", 1]]
  ↳ app/views/users/show.html.erb:8
  Rendered users/show.html.erb within layouts/application (Duration: 16.2ms | Allocations: 7562)
  Rendered layout layouts/application.html.erb (Duration: 21.5ms | Allocations: 10288)
Completed 200 OK in 50ms (Views: 22.4ms | ActiveRecord: 8.3ms | Allocations: 22408)


Started GET "/cities/2" for 127.0.0.1 at 2023-05-10 14:41:34 +0200
Processing by CitiesController#show as HTML
  Parameters: {"id"=>"2"}
  [1m[36mCity Load (0.6ms)[0m  [1m[34mSELECT "cities".* FROM "cities" WHERE "cities"."id" = $1 LIMIT $2[0m  [["id", 2], ["LIMIT", 1]]
  ↳ app/controllers/cities_controller.rb:3:in `show'
  Rendering layout layouts/application.html.erb
  Rendering cities/show.html.erb within layouts/application
  [1m[36mGossip Load (1.1ms)[0m  [1m[34mSELECT "gossips".* FROM "gossips" INNER JOIN "users" ON "gossips"."user_id" = "users"."id" WHERE "users"."city_id" = $1[0m  [["city_id", 2]]
  ↳ app/views/cities/show.html.erb:6
  Rendered cities/show.html.erb within layouts/application (Duration: 18.1ms | Allocations: 5899)
  Rendered layout layouts/application.html.erb (Duration: 24.0ms | Allocations: 8619)
Completed 200 OK in 58ms (Views: 22.6ms | ActiveRecord: 4.8ms | Allocations: 19873)


Started GET "/cities" for 127.0.0.1 at 2023-05-10 14:41:36 +0200
Processing by CitiesController#index as HTML
  Rendering layout layouts/application.html.erb
  Rendering cities/index.html.erb within layouts/application
  [1m[36mCity Load (0.3ms)[0m  [1m[34mSELECT "cities".* FROM "cities"[0m
  ↳ app/views/cities/index.html.erb:6
  Rendered cities/index.html.erb within layouts/application (Duration: 6.2ms | Allocations: 1817)
  Rendered layout layouts/application.html.erb (Duration: 12.0ms | Allocations: 4469)
Completed 200 OK in 14ms (Views: 12.3ms | ActiveRecord: 0.3ms | Allocations: 4841)


Started GET "/cities/1" for 127.0.0.1 at 2023-05-10 14:41:36 +0200
Processing by CitiesController#show as HTML
  Parameters: {"id"=>"1"}
  [1m[36mCity Load (5.1ms)[0m  [1m[34mSELECT "cities".* FROM "cities" WHERE "cities"."id" = $1 LIMIT $2[0m  [["id", 1], ["LIMIT", 1]]
  ↳ app/controllers/cities_controller.rb:3:in `show'
  Rendering layout layouts/application.html.erb
  Rendering cities/show.html.erb within layouts/application
  [1m[36mGossip Load (0.4ms)[0m  [1m[34mSELECT "gossips".* FROM "gossips" INNER JOIN "users" ON "gossips"."user_id" = "users"."id" WHERE "users"."city_id" = $1[0m  [["city_id", 1]]
  ↳ app/views/cities/show.html.erb:6
  Rendered cities/show.html.erb within layouts/application (Duration: 3.1ms | Allocations: 1096)
  Rendered layout layouts/application.html.erb (Duration: 9.0ms | Allocations: 3737)
Completed 200 OK in 18ms (Views: 9.5ms | ActiveRecord: 5.5ms | Allocations: 4552)


Started GET "/cities/potin/3" for 127.0.0.1 at 2023-05-10 14:41:38 +0200
  
ActionController::RoutingError (No route matches [GET] "/cities/potin/3"):
  
Started GET "/cities/potin/3" for 127.0.0.1 at 2023-05-10 14:41:59 +0200
  
ActionController::RoutingError (No route matches [GET] "/cities/potin/3"):
  
Started GET "/cities/potin/3" for 127.0.0.1 at 2023-05-10 14:42:44 +0200
  
ActionController::RoutingError (No route matches [GET] "/cities/potin/3"):
  
Started GET "/cities/1" for 127.0.0.1 at 2023-05-10 14:43:09 +0200
  [1m[36mActiveRecord::SchemaMigration Pluck (0.6ms)[0m  [1m[34mSELECT "schema_migrations"."version" FROM "schema_migrations" ORDER BY "schema_migrations"."version" ASC[0m
Processing by CitiesController#show as HTML
  Parameters: {"id"=>"1"}
  [1m[36mCity Load (0.6ms)[0m  [1m[34mSELECT "cities".* FROM "cities" WHERE "cities"."id" = $1 LIMIT $2[0m  [["id", 1], ["LIMIT", 1]]
  ↳ app/controllers/cities_controller.rb:3:in `show'
  Rendering layout layouts/application.html.erb
  Rendering cities/show.html.erb within layouts/application
  [1m[36mGossip Load (4.3ms)[0m  [1m[34mSELECT "gossips".* FROM "gossips" INNER JOIN "users" ON "gossips"."user_id" = "users"."id" WHERE "users"."city_id" = $1[0m  [["city_id", 1]]
  ↳ app/views/cities/show.html.erb:6
  Rendered cities/show.html.erb within layouts/application (Duration: 36.1ms | Allocations: 20821)
  Rendered layout layouts/application.html.erb (Duration: 87.9ms | Allocations: 43499)
Completed 200 OK in 231ms (Views: 82.8ms | ActiveRecord: 16.5ms | Allocations: 89968)


Started GET "/gossips/3" for 127.0.0.1 at 2023-05-10 14:43:10 +0200
Processing by GossipsController#show as HTML
  Parameters: {"id"=>"3"}
  [1m[36mGossip Load (0.4ms)[0m  [1m[34mSELECT "gossips".* FROM "gossips" WHERE "gossips"."id" = $1 LIMIT $2[0m  [["id", 3], ["LIMIT", 1]]
  ↳ app/controllers/gossips_controller.rb:27:in `show'
  Rendering layout layouts/application.html.erb
  Rendering gossips/show.html.erb within layouts/application
  [1m[36mGossip Load (0.3ms)[0m  [1m[34mSELECT "gossips".* FROM "gossips"[0m
  ↳ app/views/gossips/show.html.erb:2
  [1m[36mUser Load (0.4ms)[0m  [1m[34mSELECT "users".* FROM "users" WHERE "users"."id" = $1 LIMIT $2[0m  [["id", 4], ["LIMIT", 1]]
  ↳ app/views/gossips/show.html.erb:6
  [1m[36mCity Load (0.4ms)[0m  [1m[34mSELECT "cities".* FROM "cities" WHERE "cities"."id" = $1 LIMIT $2[0m  [["id", 1], ["LIMIT", 1]]
  ↳ app/views/gossips/show.html.erb:7
  Rendered gossips/show.html.erb within layouts/application (Duration: 28.4ms | Allocations: 20642)
  Rendered layout layouts/application.html.erb (Duration: 33.5ms | Allocations: 23345)
Completed 200 OK in 40ms (Views: 35.4ms | ActiveRecord: 1.5ms | Allocations: 25212)


Started GET "/users/4" for 127.0.0.1 at 2023-05-10 14:43:13 +0200
Processing by UsersController#show as HTML
  Parameters: {"id"=>"4"}
  [1m[36mUser Load (0.4ms)[0m  [1m[34mSELECT "users".* FROM "users" WHERE "users"."id" = $1 LIMIT $2[0m  [["id", 4], ["LIMIT", 1]]
  ↳ app/controllers/users_controller.rb:6:in `show'
  Rendering layout layouts/application.html.erb
  Rendering users/show.html.erb within layouts/application
  [1m[36mCity Load (0.2ms)[0m  [1m[34mSELECT "cities".* FROM "cities" WHERE "cities"."id" = $1 LIMIT $2[0m  [["id", 1], ["LIMIT", 1]]
  ↳ app/views/users/show.html.erb:8
  Rendered users/show.html.erb within layouts/application (Duration: 3.5ms | Allocations: 938)
  Rendered layout layouts/application.html.erb (Duration: 7.2ms | Allocations: 3647)
Completed 200 OK in 14ms (Views: 10.0ms | ActiveRecord: 0.6ms | Allocations: 5544)


Started GET "/cities/1" for 127.0.0.1 at 2023-05-10 14:43:13 +0200
Processing by CitiesController#show as HTML
  Parameters: {"id"=>"1"}
  [1m[36mCity Load (0.4ms)[0m  [1m[34mSELECT "cities".* FROM "cities" WHERE "cities"."id" = $1 LIMIT $2[0m  [["id", 1], ["LIMIT", 1]]
  ↳ app/controllers/cities_controller.rb:3:in `show'
  Rendering layout layouts/application.html.erb
  Rendering cities/show.html.erb within layouts/application
  [1m[36mGossip Load (0.4ms)[0m  [1m[34mSELECT "gossips".* FROM "gossips" INNER JOIN "users" ON "gossips"."user_id" = "users"."id" WHERE "users"."city_id" = $1[0m  [["city_id", 1]]
  ↳ app/views/cities/show.html.erb:6
  Rendered cities/show.html.erb within layouts/application (Duration: 3.5ms | Allocations: 1272)
  Rendered layout layouts/application.html.erb (Duration: 8.4ms | Allocations: 3918)
Completed 200 OK in 12ms (Views: 8.8ms | ActiveRecord: 0.9ms | Allocations: 4750)


Started GET "/gossips/3" for 127.0.0.1 at 2023-05-10 14:43:14 +0200
Processing by GossipsController#show as HTML
  Parameters: {"id"=>"3"}
  [1m[36mGossip Load (0.2ms)[0m  [1m[34mSELECT "gossips".* FROM "gossips" WHERE "gossips"."id" = $1 LIMIT $2[0m  [["id", 3], ["LIMIT", 1]]
  ↳ app/controllers/gossips_controller.rb:27:in `show'
  Rendering layout layouts/application.html.erb
  Rendering gossips/show.html.erb within layouts/application
  [1m[36mGossip Load (0.4ms)[0m  [1m[34mSELECT "gossips".* FROM "gossips"[0m
  ↳ app/views/gossips/show.html.erb:2
  [1m[36mUser Load (0.4ms)[0m  [1m[34mSELECT "users".* FROM "users" WHERE "users"."id" = $1 LIMIT $2[0m  [["id", 4], ["LIMIT", 1]]
  ↳ app/views/gossips/show.html.erb:6
  [1m[36mCity Load (0.2ms)[0m  [1m[34mSELECT "cities".* FROM "cities" WHERE "cities"."id" = $1 LIMIT $2[0m  [["id", 1], ["LIMIT", 1]]
  ↳ app/views/gossips/show.html.erb:7
  Rendered gossips/show.html.erb within layouts/application (Duration: 5.4ms | Allocations: 2109)
  Rendered layout layouts/application.html.erb (Duration: 10.2ms | Allocations: 4753)
Completed 200 OK in 13ms (Views: 9.8ms | ActiveRecord: 1.2ms | Allocations: 5537)


Started GET "/users/4" for 127.0.0.1 at 2023-05-10 14:43:15 +0200
Processing by UsersController#show as HTML
  Parameters: {"id"=>"4"}
  [1m[36mUser Load (0.3ms)[0m  [1m[34mSELECT "users".* FROM "users" WHERE "users"."id" = $1 LIMIT $2[0m  [["id", 4], ["LIMIT", 1]]
  ↳ app/controllers/users_controller.rb:6:in `show'
  Rendering layout layouts/application.html.erb
  Rendering users/show.html.erb within layouts/application
  [1m[36mCity Load (0.3ms)[0m  [1m[34mSELECT "cities".* FROM "cities" WHERE "cities"."id" = $1 LIMIT $2[0m  [["id", 1], ["LIMIT", 1]]
  ↳ app/views/users/show.html.erb:8
  Rendered users/show.html.erb within layouts/application (Duration: 2.7ms | Allocations: 678)
  Rendered layout layouts/application.html.erb (Duration: 7.3ms | Allocations: 3315)
Completed 200 OK in 10ms (Views: 7.5ms | ActiveRecord: 0.5ms | Allocations: 4078)


Started GET "/cities/1" for 127.0.0.1 at 2023-05-10 14:43:16 +0200
Processing by CitiesController#show as HTML
  Parameters: {"id"=>"1"}
  [1m[36mCity Load (0.2ms)[0m  [1m[34mSELECT "cities".* FROM "cities" WHERE "cities"."id" = $1 LIMIT $2[0m  [["id", 1], ["LIMIT", 1]]
  ↳ app/controllers/cities_controller.rb:3:in `show'
  Rendering layout layouts/application.html.erb
  Rendering cities/show.html.erb within layouts/application
  [1m[36mGossip Load (0.4ms)[0m  [1m[34mSELECT "gossips".* FROM "gossips" INNER JOIN "users" ON "gossips"."user_id" = "users"."id" WHERE "users"."city_id" = $1[0m  [["city_id", 1]]
  ↳ app/views/cities/show.html.erb:6
  Rendered cities/show.html.erb within layouts/application (Duration: 2.9ms | Allocations: 1271)
  Rendered layout layouts/application.html.erb (Duration: 6.6ms | Allocations: 3914)
Completed 200 OK in 13ms (Views: 6.8ms | ActiveRecord: 0.6ms | Allocations: 4729)


Started GET "/cities" for 127.0.0.1 at 2023-05-10 14:43:17 +0200
Processing by CitiesController#index as HTML
  Rendering layout layouts/application.html.erb
  Rendering cities/index.html.erb within layouts/application
  [1m[36mCity Load (0.3ms)[0m  [1m[34mSELECT "cities".* FROM "cities"[0m
  ↳ app/views/cities/index.html.erb:6
  Rendered cities/index.html.erb within layouts/application (Duration: 5.1ms | Allocations: 1809)
  Rendered layout layouts/application.html.erb (Duration: 10.6ms | Allocations: 4458)
Completed 200 OK in 12ms (Views: 11.0ms | ActiveRecord: 0.2ms | Allocations: 4820)


Started GET "/cities/1" for 127.0.0.1 at 2023-05-10 14:43:18 +0200
Processing by CitiesController#show as HTML
  Parameters: {"id"=>"1"}
  [1m[36mCity Load (0.4ms)[0m  [1m[34mSELECT "cities".* FROM "cities" WHERE "cities"."id" = $1 LIMIT $2[0m  [["id", 1], ["LIMIT", 1]]
  ↳ app/controllers/cities_controller.rb:3:in `show'
  Rendering layout layouts/application.html.erb
  Rendering cities/show.html.erb within layouts/application
  [1m[36mGossip Load (2.0ms)[0m  [1m[34mSELECT "gossips".* FROM "gossips" INNER JOIN "users" ON "gossips"."user_id" = "users"."id" WHERE "users"."city_id" = $1[0m  [["city_id", 1]]
  ↳ app/views/cities/show.html.erb:6
  Rendered cities/show.html.erb within layouts/application (Duration: 5.3ms | Allocations: 1271)
  Rendered layout layouts/application.html.erb (Duration: 9.1ms | Allocations: 3916)
Completed 200 OK in 13ms (Views: 7.8ms | ActiveRecord: 2.4ms | Allocations: 4731)


Started GET "/gossips/3" for 127.0.0.1 at 2023-05-10 14:43:19 +0200
Processing by GossipsController#show as HTML
  Parameters: {"id"=>"3"}
  [1m[36mGossip Load (0.3ms)[0m  [1m[34mSELECT "gossips".* FROM "gossips" WHERE "gossips"."id" = $1 LIMIT $2[0m  [["id", 3], ["LIMIT", 1]]
  ↳ app/controllers/gossips_controller.rb:27:in `show'
  Rendering layout layouts/application.html.erb
  Rendering gossips/show.html.erb within layouts/application
  [1m[36mGossip Load (0.4ms)[0m  [1m[34mSELECT "gossips".* FROM "gossips"[0m
  ↳ app/views/gossips/show.html.erb:2
  [1m[36mUser Load (0.5ms)[0m  [1m[34mSELECT "users".* FROM "users" WHERE "users"."id" = $1 LIMIT $2[0m  [["id", 4], ["LIMIT", 1]]
  ↳ app/views/gossips/show.html.erb:6
  [1m[36mCity Load (0.3ms)[0m  [1m[34mSELECT "cities".* FROM "cities" WHERE "cities"."id" = $1 LIMIT $2[0m  [["id", 1], ["LIMIT", 1]]
  ↳ app/views/gossips/show.html.erb:7
  Rendered gossips/show.html.erb within layouts/application (Duration: 8.4ms | Allocations: 2108)
  Rendered layout layouts/application.html.erb (Duration: 14.0ms | Allocations: 4755)
Completed 200 OK in 16ms (Views: 13.3ms | ActiveRecord: 1.6ms | Allocations: 5522)


Started GET "/users/4" for 127.0.0.1 at 2023-05-10 14:43:24 +0200
Processing by UsersController#show as HTML
  Parameters: {"id"=>"4"}
  [1m[36mUser Load (0.3ms)[0m  [1m[34mSELECT "users".* FROM "users" WHERE "users"."id" = $1 LIMIT $2[0m  [["id", 4], ["LIMIT", 1]]
  ↳ app/controllers/users_controller.rb:6:in `show'
  Rendering layout layouts/application.html.erb
  Rendering users/show.html.erb within layouts/application
  [1m[36mCity Load (0.2ms)[0m  [1m[34mSELECT "cities".* FROM "cities" WHERE "cities"."id" = $1 LIMIT $2[0m  [["id", 1], ["LIMIT", 1]]
  ↳ app/views/users/show.html.erb:8
  Rendered users/show.html.erb within layouts/application (Duration: 2.3ms | Allocations: 678)
  Rendered layout layouts/application.html.erb (Duration: 9.8ms | Allocations: 3315)
Completed 200 OK in 13ms (Views: 10.4ms | ActiveRecord: 0.5ms | Allocations: 4078)


Started GET "/cities/1" for 127.0.0.1 at 2023-05-10 14:43:25 +0200
Processing by CitiesController#show as HTML
  Parameters: {"id"=>"1"}
  [1m[36mCity Load (0.2ms)[0m  [1m[34mSELECT "cities".* FROM "cities" WHERE "cities"."id" = $1 LIMIT $2[0m  [["id", 1], ["LIMIT", 1]]
  ↳ app/controllers/cities_controller.rb:3:in `show'
  Rendering layout layouts/application.html.erb
  Rendering cities/show.html.erb within layouts/application
  [1m[36mGossip Load (0.9ms)[0m  [1m[34mSELECT "gossips".* FROM "gossips" INNER JOIN "users" ON "gossips"."user_id" = "users"."id" WHERE "users"."city_id" = $1[0m  [["city_id", 1]]
  ↳ app/views/cities/show.html.erb:6
  Rendered cities/show.html.erb within layouts/application (Duration: 4.1ms | Allocations: 1271)
  Rendered layout layouts/application.html.erb (Duration: 9.3ms | Allocations: 3912)
Completed 200 OK in 12ms (Views: 9.2ms | ActiveRecord: 1.0ms | Allocations: 4727)


Started GET "/gossips/4" for 127.0.0.1 at 2023-05-10 14:43:26 +0200
Processing by GossipsController#show as HTML
  Parameters: {"id"=>"4"}
  [1m[36mGossip Load (1.2ms)[0m  [1m[34mSELECT "gossips".* FROM "gossips" WHERE "gossips"."id" = $1 LIMIT $2[0m  [["id", 4], ["LIMIT", 1]]
  ↳ app/controllers/gossips_controller.rb:27:in `show'
  Rendering layout layouts/application.html.erb
  Rendering gossips/show.html.erb within layouts/application
  [1m[36mGossip Load (0.3ms)[0m  [1m[34mSELECT "gossips".* FROM "gossips"[0m
  ↳ app/views/gossips/show.html.erb:2
  [1m[36mUser Load (0.2ms)[0m  [1m[34mSELECT "users".* FROM "users" WHERE "users"."id" = $1 LIMIT $2[0m  [["id", 5], ["LIMIT", 1]]
  ↳ app/views/gossips/show.html.erb:6
  [1m[36mCity Load (0.2ms)[0m  [1m[34mSELECT "cities".* FROM "cities" WHERE "cities"."id" = $1 LIMIT $2[0m  [["id", 1], ["LIMIT", 1]]
  ↳ app/views/gossips/show.html.erb:7
  Rendered gossips/show.html.erb within layouts/application (Duration: 4.8ms | Allocations: 2108)
  Rendered layout layouts/application.html.erb (Duration: 9.3ms | Allocations: 4757)
Completed 200 OK in 14ms (Views: 9.3ms | ActiveRecord: 1.9ms | Allocations: 5524)


Started GET "/users/5" for 127.0.0.1 at 2023-05-10 14:43:27 +0200
Processing by UsersController#show as HTML
  Parameters: {"id"=>"5"}
  [1m[36mUser Load (0.4ms)[0m  [1m[34mSELECT "users".* FROM "users" WHERE "users"."id" = $1 LIMIT $2[0m  [["id", 5], ["LIMIT", 1]]
  ↳ app/controllers/users_controller.rb:6:in `show'
  Rendering layout layouts/application.html.erb
  Rendering users/show.html.erb within layouts/application
  [1m[36mCity Load (0.4ms)[0m  [1m[34mSELECT "cities".* FROM "cities" WHERE "cities"."id" = $1 LIMIT $2[0m  [["id", 1], ["LIMIT", 1]]
  ↳ app/views/users/show.html.erb:8
  Rendered users/show.html.erb within layouts/application (Duration: 2.0ms | Allocations: 678)
  Rendered layout layouts/application.html.erb (Duration: 6.6ms | Allocations: 3327)
Completed 200 OK in 10ms (Views: 6.9ms | ActiveRecord: 0.8ms | Allocations: 4090)


Started GET "/cities/1" for 127.0.0.1 at 2023-05-10 14:43:27 +0200
Processing by CitiesController#show as HTML
  Parameters: {"id"=>"1"}
  [1m[36mCity Load (0.2ms)[0m  [1m[34mSELECT "cities".* FROM "cities" WHERE "cities"."id" = $1 LIMIT $2[0m  [["id", 1], ["LIMIT", 1]]
  ↳ app/controllers/cities_controller.rb:3:in `show'
  Rendering layout layouts/application.html.erb
  Rendering cities/show.html.erb within layouts/application
  [1m[36mGossip Load (0.4ms)[0m  [1m[34mSELECT "gossips".* FROM "gossips" INNER JOIN "users" ON "gossips"."user_id" = "users"."id" WHERE "users"."city_id" = $1[0m  [["city_id", 1]]
  ↳ app/views/cities/show.html.erb:6
  Rendered cities/show.html.erb within layouts/application (Duration: 3.7ms | Allocations: 1271)
  Rendered layout layouts/application.html.erb (Duration: 9.3ms | Allocations: 3912)
Completed 200 OK in 12ms (Views: 9.6ms | ActiveRecord: 0.7ms | Allocations: 4727)


Started GET "/cities" for 127.0.0.1 at 2023-05-10 14:43:28 +0200
Processing by CitiesController#index as HTML
  Rendering layout layouts/application.html.erb
  Rendering cities/index.html.erb within layouts/application
  [1m[36mCity Load (0.3ms)[0m  [1m[34mSELECT "cities".* FROM "cities"[0m
  ↳ app/views/cities/index.html.erb:6
  Rendered cities/index.html.erb within layouts/application (Duration: 3.2ms | Allocations: 1546)
  Rendered layout layouts/application.html.erb (Duration: 8.7ms | Allocations: 4203)
Completed 200 OK in 10ms (Views: 9.1ms | ActiveRecord: 0.3ms | Allocations: 4506)


Started GET "/cities/10" for 127.0.0.1 at 2023-05-10 14:43:31 +0200
Processing by CitiesController#show as HTML
  Parameters: {"id"=>"10"}
  [1m[36mCity Load (0.3ms)[0m  [1m[34mSELECT "cities".* FROM "cities" WHERE "cities"."id" = $1 LIMIT $2[0m  [["id", 10], ["LIMIT", 1]]
  ↳ app/controllers/cities_controller.rb:3:in `show'
  Rendering layout layouts/application.html.erb
  Rendering cities/show.html.erb within layouts/application
  [1m[36mGossip Load (0.3ms)[0m  [1m[34mSELECT "gossips".* FROM "gossips" INNER JOIN "users" ON "gossips"."user_id" = "users"."id" WHERE "users"."city_id" = $1[0m  [["city_id", 10]]
  ↳ app/views/cities/show.html.erb:6
  Rendered cities/show.html.erb within layouts/application (Duration: 3.1ms | Allocations: 795)
  Rendered layout layouts/application.html.erb (Duration: 7.5ms | Allocations: 3426)
Completed 200 OK in 11ms (Views: 7.9ms | ActiveRecord: 0.6ms | Allocations: 4241)


Started GET "/cities" for 127.0.0.1 at 2023-05-10 14:43:32 +0200
Processing by CitiesController#index as HTML
  Rendering layout layouts/application.html.erb
  Rendering cities/index.html.erb within layouts/application
  [1m[36mCity Load (0.4ms)[0m  [1m[34mSELECT "cities".* FROM "cities"[0m
  ↳ app/views/cities/index.html.erb:6
  Rendered cities/index.html.erb within layouts/application (Duration: 3.1ms | Allocations: 1546)
  Rendered layout layouts/application.html.erb (Duration: 7.6ms | Allocations: 4193)
Completed 200 OK in 9ms (Views: 7.8ms | ActiveRecord: 0.4ms | Allocations: 4496)


Started GET "/cities/11" for 127.0.0.1 at 2023-05-10 14:43:33 +0200
Processing by CitiesController#show as HTML
  Parameters: {"id"=>"11"}
  [1m[36mCity Load (0.3ms)[0m  [1m[34mSELECT "cities".* FROM "cities" WHERE "cities"."id" = $1 LIMIT $2[0m  [["id", 11], ["LIMIT", 1]]
  ↳ app/controllers/cities_controller.rb:3:in `show'
  Rendering layout layouts/application.html.erb
  Rendering cities/show.html.erb within layouts/application
  [1m[36mGossip Load (0.4ms)[0m  [1m[34mSELECT "gossips".* FROM "gossips" INNER JOIN "users" ON "gossips"."user_id" = "users"."id" WHERE "users"."city_id" = $1[0m  [["city_id", 11]]
  ↳ app/views/cities/show.html.erb:6
  Rendered cities/show.html.erb within layouts/application (Duration: 2.2ms | Allocations: 795)
  Rendered layout layouts/application.html.erb (Duration: 7.4ms | Allocations: 3438)
Completed 200 OK in 11ms (Views: 7.9ms | ActiveRecord: 0.7ms | Allocations: 4253)


Started GET "/cities" for 127.0.0.1 at 2023-05-10 14:43:34 +0200
Processing by CitiesController#index as HTML
  Rendering layout layouts/application.html.erb
  Rendering cities/index.html.erb within layouts/application
  [1m[36mCity Load (0.4ms)[0m  [1m[34mSELECT "cities".* FROM "cities"[0m
  ↳ app/views/cities/index.html.erb:6
  Rendered cities/index.html.erb within layouts/application (Duration: 3.1ms | Allocations: 1546)
  Rendered layout layouts/application.html.erb (Duration: 7.7ms | Allocations: 4209)
Completed 200 OK in 9ms (Views: 8.0ms | ActiveRecord: 0.4ms | Allocations: 4512)


Started GET "/cities/1" for 127.0.0.1 at 2023-05-10 14:43:35 +0200
Processing by CitiesController#show as HTML
  Parameters: {"id"=>"1"}
  [1m[36mCity Load (0.2ms)[0m  [1m[34mSELECT "cities".* FROM "cities" WHERE "cities"."id" = $1 LIMIT $2[0m  [["id", 1], ["LIMIT", 1]]
  ↳ app/controllers/cities_controller.rb:3:in `show'
  Rendering layout layouts/application.html.erb
  Rendering cities/show.html.erb within layouts/application
  [1m[36mGossip Load (0.3ms)[0m  [1m[34mSELECT "gossips".* FROM "gossips" INNER JOIN "users" ON "gossips"."user_id" = "users"."id" WHERE "users"."city_id" = $1[0m  [["city_id", 1]]
  ↳ app/views/cities/show.html.erb:6
  Rendered cities/show.html.erb within layouts/application (Duration: 4.8ms | Allocations: 1271)
  Rendered layout layouts/application.html.erb (Duration: 11.4ms | Allocations: 3920)
Completed 200 OK in 14ms (Views: 11.8ms | ActiveRecord: 0.5ms | Allocations: 4735)


Started GET "/cities" for 127.0.0.1 at 2023-05-10 14:43:37 +0200
Processing by CitiesController#index as HTML
  Rendering layout layouts/application.html.erb
  Rendering cities/index.html.erb within layouts/application
  [1m[36mCity Load (0.4ms)[0m  [1m[34mSELECT "cities".* FROM "cities"[0m
  ↳ app/views/cities/index.html.erb:6
  Rendered cities/index.html.erb within layouts/application (Duration: 4.2ms | Allocations: 1546)
  Rendered layout layouts/application.html.erb (Duration: 9.6ms | Allocations: 4201)
Completed 200 OK in 11ms (Views: 10.0ms | ActiveRecord: 0.4ms | Allocations: 4504)


